*** Start analyzing build configuration ***
INFO: Auto-config - Scanning: /home/deck/Documents/Edge_Runner/edge_runners
INFO: Auto-config - VLOG: /home/deck/Documents/Edge_Runner/edge_runners
INFO: Auto-config - Wrote:
    .dvt/default.build.auto.1
*** List of included argument files ***
    Build configuration file:  /home/deck/Documents/Edge_Runner/edge_runners/.dvt/default.build
    -f /home/deck/Documents/Edge_Runner/edge_runners/.dvt/default.build.auto.1
*** List of invocations ***
Invocation #1 +dvt_init+dvt in /home/deck/Documents/Edge_Runner/edge_runners/.dvt/default.build.auto.1 at line 9
*** Done analyzing build configuration [407 ms] ***

*** Start SystemVerilog build ***
*** Invocation #1***
Loading (1) /home/deck/Documents/Edge_Runner/edge_runners/arc_tan.sv ...
Done /home/deck/Documents/Edge_Runner/edge_runners/arc_tan.sv [71 ms, 42 lines, SystemVerilog_2012] ...
Loading (2) /home/deck/Documents/Edge_Runner/edge_runners/double_thresholding.sv ...
Done /home/deck/Documents/Edge_Runner/edge_runners/double_thresholding.sv [0 ms, 2 lines, SystemVerilog_2012] ...
Loading (3) /home/deck/Documents/Edge_Runner/edge_runners/edge_track_hysteresis.sv ...
Done /home/deck/Documents/Edge_Runner/edge_runners/edge_track_hysteresis.sv [0 ms, 2 lines, SystemVerilog_2012] ...
Loading (4) /home/deck/Documents/Edge_Runner/edge_runners/sqrt_22b.sv ...
Done /home/deck/Documents/Edge_Runner/edge_runners/sqrt_22b.sv [187 ms, 43 lines, SystemVerilog_2012] ...
Loading (5) /home/deck/Documents/Edge_Runner/edge_runners/testBench/arc_tan_tb.sv ...
Done /home/deck/Documents/Edge_Runner/edge_runners/testBench/arc_tan_tb.sv [31 ms, 53 lines, SystemVerilog_2012] ...
Loading (6) /home/deck/Documents/Edge_Runner/edge_runners/testBench/canny_edge_tb.sv ...
Done /home/deck/Documents/Edge_Runner/edge_runners/testBench/canny_edge_tb.sv [0 ms, 2 lines, SystemVerilog_2012] ...
Loading (7) /home/deck/Documents/Edge_Runner/edge_runners/testBench/gradient_calculation_tb.sv ...
Done /home/deck/Documents/Edge_Runner/edge_runners/testBench/gradient_calculation_tb.sv [47 ms, 195 lines, SystemVerilog_2012] ...
Loading (8) /home/deck/Documents/Edge_Runner/edge_runners/testBench/non_max_suppression_tb.sv ...
Done /home/deck/Documents/Edge_Runner/edge_runners/testBench/non_max_suppression_tb.sv [40 ms, 237 lines, SystemVerilog_2012] ...
Loading (9) /home/deck/Documents/Edge_Runner/edge_runners/testBench/pixel_loader_tb.sv ...
Done /home/deck/Documents/Edge_Runner/edge_runners/testBench/pixel_loader_tb.sv [18 ms, 114 lines, SystemVerilog_2012] ...
Loading (10) /home/deck/Documents/Edge_Runner/edge_runners/testBench/sqrt_22b_tb.sv ...
Done /home/deck/Documents/Edge_Runner/edge_runners/testBench/sqrt_22b_tb.sv [3 ms, 21 lines, SystemVerilog_2012] ...
Loading (11) /home/deck/Documents/Edge_Runner/edge_runners/definitions_pkg.sv ...
Done /home/deck/Documents/Edge_Runner/edge_runners/definitions_pkg.sv [5 ms, 35 lines, SystemVerilog_2012] ...
Loading (12) /home/deck/Documents/Edge_Runner/edge_runners/uart/uart.sv ...
Done /home/deck/Documents/Edge_Runner/edge_runners/uart/uart.sv [6 ms, 44 lines, SystemVerilog_2012] ...
Loading (13) /home/deck/Documents/Edge_Runner/edge_runners/uart/transmitter.sv ...
Done /home/deck/Documents/Edge_Runner/edge_runners/uart/transmitter.sv [11 ms, 75 lines, SystemVerilog_2012] ...
Loading (14) /home/deck/Documents/Edge_Runner/edge_runners/uart/receiver.sv ...
Done /home/deck/Documents/Edge_Runner/edge_runners/uart/receiver.sv [20 ms, 130 lines, SystemVerilog_2012] ...
Loading (15) /home/deck/Documents/Edge_Runner/edge_runners/testBench/line_buffer_tb.sv ...
Done /home/deck/Documents/Edge_Runner/edge_runners/testBench/line_buffer_tb.sv [7 ms, 52 lines, SystemVerilog_2012] ...
Loading (16) /home/deck/Documents/Edge_Runner/edge_runners/pixel_loader.sv ...
Done /home/deck/Documents/Edge_Runner/edge_runners/pixel_loader.sv [26 ms, 173 lines, SystemVerilog_2012] ...
Loading (17) /home/deck/Documents/Edge_Runner/edge_runners/non_max_suppression.sv ...
Done /home/deck/Documents/Edge_Runner/edge_runners/non_max_suppression.sv [6 ms, 47 lines, SystemVerilog_2012] ...
Loading (18) /home/deck/Documents/Edge_Runner/edge_runners/line_buffer.sv ...
Done /home/deck/Documents/Edge_Runner/edge_runners/line_buffer.sv [6 ms, 46 lines, SystemVerilog_2012] ...
Loading (19) /home/deck/Documents/Edge_Runner/edge_runners/gradient_calculation.sv ...
Done /home/deck/Documents/Edge_Runner/edge_runners/gradient_calculation.sv [22 ms, 152 lines, SystemVerilog_2012] ...
Loading (20) /home/deck/Documents/Edge_Runner/edge_runners/gaussian_filter.sv ...
Done /home/deck/Documents/Edge_Runner/edge_runners/gaussian_filter.sv [5 ms, 55 lines, SystemVerilog_2012] ...
Loading (21) /home/deck/Documents/Edge_Runner/edge_runners/canny_edge_top.sv ...
Done /home/deck/Documents/Edge_Runner/edge_runners/canny_edge_top.sv [2 ms, 19 lines, SystemVerilog_2012] ...
*** Done invocation #1 [525 ms] ***
*** Done parsing [LT 320 ms, PT 525 ms] ***
*** Total number of lines [1 539] ***
Performing post full build actions ...
Performing post full build step 1 (SRI) [2 ms] ...
Performing post full build step 2 (RI) [1 ms] ...
Performing post full build step 3 (RCP) [1 ms] ...
*** Files summary [21 total, 21 unique, 0 optimized] ***
*** Done SystemVerilog build [833 ms] ***

*** Start mixed mode extension build ***
Performing mixed post full build step (VLOG - RI) [2 ms] ...
*** Warning: UNSPECIFIED_TOP: Please specify a -top module/entity/configuration in the project build file
*** Top design candidates: work.arc_tan_tb, work.gradient_calculation_tb, work.nms_tb, work.pixel_loader_tb, work.sqrt_22b_tb, work.uart, work.line_buffer_tb
Performing mixed post full build step (MIXED - ELAB) [556 ms] ...
Performing mixed post full build step (MIXED - UNEL) [54 ms] ...
*** Warning: UNDECLARED_MODULE: Module 'Non_Max_Suppresion' is not declared
    at line 85 in /home/deck/Documents/Edge_Runner/edge_runners/testBench/non_max_suppression_tb.sv:85 [compile index 8]
*** Warning: WIDTH_MISMATCH_PADDING: Assignment to 'pixel_value' of '11-bit' type from 'gaussian_pixel_out' of '8-bit' type
    at line 213 in /home/deck/Documents/Edge_Runner/edge_runners/testBench/non_max_suppression_tb.sv:213 [compile index 8]
*** Warning: WIDTH_MISMATCH_PADDING: Assignment to 'pixel_value' of '11-bit' type from 'gradient_direction' of '2-bit' type
    at line 217 in /home/deck/Documents/Edge_Runner/edge_runners/testBench/non_max_suppression_tb.sv:217 [compile index 8]
*** Warning: CASE_ITEM_WIDTH_MISMATCH: Comparison between case expression 'gradient_direction' of '2-bit' type and item expression '0' of '32-bit' type
    at line 219 in /home/deck/Documents/Edge_Runner/edge_runners/testBench/non_max_suppression_tb.sv:219 [compile index 8]
*** Warning: CASE_ITEM_WIDTH_MISMATCH: Comparison between case expression 'gradient_direction' of '2-bit' type and item expression '1' of '32-bit' type
    at line 220 in /home/deck/Documents/Edge_Runner/edge_runners/testBench/non_max_suppression_tb.sv:220 [compile index 8]
*** Warning: CASE_ITEM_WIDTH_MISMATCH: Comparison between case expression 'gradient_direction' of '2-bit' type and item expression '2' of '32-bit' type
    at line 221 in /home/deck/Documents/Edge_Runner/edge_runners/testBench/non_max_suppression_tb.sv:221 [compile index 8]
*** Warning: CASE_ITEM_WIDTH_MISMATCH: Comparison between case expression 'gradient_direction' of '2-bit' type and item expression '3' of '32-bit' type
    at line 222 in /home/deck/Documents/Edge_Runner/edge_runners/testBench/non_max_suppression_tb.sv:222 [compile index 8]
*** Warning: WIDTH_MISMATCH_PADDING: Assignment to 'pixel_value' of '11-bit' type from 'pixel_out' of '8-bit' type
    at line 224 in /home/deck/Documents/Edge_Runner/edge_runners/testBench/non_max_suppression_tb.sv:224 [compile index 8]
*** Warning: WIDTH_MISMATCH_PADDING: Assignment to 'pixel_value' of '11-bit' type from 'pixel_out_x' of '8-bit' type
    at line 227 in /home/deck/Documents/Edge_Runner/edge_runners/testBench/non_max_suppression_tb.sv:227 [compile index 8]
*** Warning: WIDTH_MISMATCH_PADDING: Assignment to 'pixel_value' of '11-bit' type from 'pixel_out_y' of '8-bit' type
    at line 228 in /home/deck/Documents/Edge_Runner/edge_runners/testBench/non_max_suppression_tb.sv:228 [compile index 8]
*** Warning: WIDTH_MISMATCH_PADDING: Assignment to 'pixel_value' of '11-bit' type from 'nms_direction' of '2-bit' type
    at line 232 in /home/deck/Documents/Edge_Runner/edge_runners/testBench/non_max_suppression_tb.sv:232 [compile index 8]
*** Error: NON_EXISTING_PORT: Non existing port 'in' of module 'transmitter'
    at line 37 in /home/deck/Documents/Edge_Runner/edge_runners/uart/uart.sv:37 [compile index 12]
*** Warning: MISSING_PORT_CONNECTION: Instance 'uart_tx' of module 'transmitter' is missing port connection to input 'data'
    at line 33 in /home/deck/Documents/Edge_Runner/edge_runners/uart/uart.sv:33 [compile index 12]
*** Error: NON_EXISTING_PORT: Non existing port 'rd_data' of module 'line_buffer'
    at line 13 in /home/deck/Documents/Edge_Runner/edge_runners/testBench/line_buffer_tb.sv:13 [compile index 15]
*** Warning: MISSING_PORT_CONNECTION: Instance 'lb1' of module 'line_buffer' is missing port connection to input 'rd_enable'
    at line 13 in /home/deck/Documents/Edge_Runner/edge_runners/testBench/line_buffer_tb.sv:13 [compile index 15]
*** Warning: WIDTH_MISMATCH_TRUNCATION: Assignment to 'i_data' of '8-bit' type from 'i' of '32-bit' type
    at line 34 in /home/deck/Documents/Edge_Runner/edge_runners/testBench/line_buffer_tb.sv:34 [compile index 15]
*** Error: UNDECLARED_IDENTIFIER: Identifier 'TxAccMax' is not declared
    at line 22 in /home/deck/Documents/Edge_Runner/edge_runners/uart/transmitter.sv:22 [compile index 13]
*** Error: UNDECLARED_IDENTIFIER: Identifier 'TxAccWidth' is not declared
    at line 22 in /home/deck/Documents/Edge_Runner/edge_runners/uart/transmitter.sv:22 [compile index 13]
*** Error: UNDECLARED_IDENTIFIER: Identifier 'in' is not declared
    at line 40 in /home/deck/Documents/Edge_Runner/edge_runners/uart/transmitter.sv:40 [compile index 13]
*** Error: UNDECLARED_IDENTIFIER: Identifier 'in' is not declared
    at line 59 in /home/deck/Documents/Edge_Runner/edge_runners/uart/transmitter.sv:59 [compile index 13]
*** Warning: WIDTH_MISMATCH_TRUNCATION: Assignment to 'Gx' of '11-bit' type from '- 52' of '32-bit' type
    at line 28 in /home/deck/Documents/Edge_Runner/edge_runners/testBench/arc_tan_tb.sv:28 [compile index 5]
*** Warning: WIDTH_MISMATCH_TRUNCATION: Assignment to 'Gy' of '11-bit' type from '- 64' of '32-bit' type
    at line 29 in /home/deck/Documents/Edge_Runner/edge_runners/testBench/arc_tan_tb.sv:29 [compile index 5]
*** Warning: WIDTH_MISMATCH_TRUNCATION: Assignment to 'Gx' of '11-bit' type from '- 736' of '32-bit' type
    at line 31 in /home/deck/Documents/Edge_Runner/edge_runners/testBench/arc_tan_tb.sv:31 [compile index 5]
*** Warning: WIDTH_MISMATCH_TRUNCATION: Assignment to 'Gy' of '11-bit' type from '- 123' of '32-bit' type
    at line 32 in /home/deck/Documents/Edge_Runner/edge_runners/testBench/arc_tan_tb.sv:32 [compile index 5]
*** Warning: WIDTH_MISMATCH_TRUNCATION: Assignment to 'Gy' of '11-bit' type from '- 64' of '32-bit' type
    at line 35 in /home/deck/Documents/Edge_Runner/edge_runners/testBench/arc_tan_tb.sv:35 [compile index 5]
*** Warning: WIDTH_MISMATCH_TRUNCATION: Assignment to 'Gy' of '11-bit' type from '- 123' of '32-bit' type
    at line 38 in /home/deck/Documents/Edge_Runner/edge_runners/testBench/arc_tan_tb.sv:38 [compile index 5]
*** Warning: WIDTH_MISMATCH_TRUNCATION: Assignment to 'Gx' of '11-bit' type from '- 52' of '32-bit' type
    at line 40 in /home/deck/Documents/Edge_Runner/edge_runners/testBench/arc_tan_tb.sv:40 [compile index 5]
*** Warning: WIDTH_MISMATCH_TRUNCATION: Assignment to 'Gx' of '11-bit' type from '- 736' of '32-bit' type
    at line 43 in /home/deck/Documents/Edge_Runner/edge_runners/testBench/arc_tan_tb.sv:43 [compile index 5]
*** Warning: WIDTH_MISMATCH_TRUNCATION: Assignment to 'pixel_value' of '8-bit' type from 'gradient_magnitude' of '11-bit' type
    at line 178 in /home/deck/Documents/Edge_Runner/edge_runners/testBench/gradient_calculation_tb.sv:178 [compile index 7]
*** Warning: WIDTH_MISMATCH_PADDING: Assignment to 'pixel_value' of '8-bit' type from 'gradient_direction' of '2-bit' type
    at line 179 in /home/deck/Documents/Edge_Runner/edge_runners/testBench/gradient_calculation_tb.sv:179 [compile index 7]
*** Warning: CASE_ITEM_WIDTH_MISMATCH: Comparison between case expression 'gradient_direction' of '2-bit' type and item expression '0' of '32-bit' type
    at line 181 in /home/deck/Documents/Edge_Runner/edge_runners/testBench/gradient_calculation_tb.sv:181 [compile index 7]
*** Warning: CASE_ITEM_WIDTH_MISMATCH: Comparison between case expression 'gradient_direction' of '2-bit' type and item expression '1' of '32-bit' type
    at line 182 in /home/deck/Documents/Edge_Runner/edge_runners/testBench/gradient_calculation_tb.sv:182 [compile index 7]
*** Warning: CASE_ITEM_WIDTH_MISMATCH: Comparison between case expression 'gradient_direction' of '2-bit' type and item expression '2' of '32-bit' type
    at line 183 in /home/deck/Documents/Edge_Runner/edge_runners/testBench/gradient_calculation_tb.sv:183 [compile index 7]
*** Warning: CASE_ITEM_WIDTH_MISMATCH: Comparison between case expression 'gradient_direction' of '2-bit' type and item expression '3' of '32-bit' type
    at line 184 in /home/deck/Documents/Edge_Runner/edge_runners/testBench/gradient_calculation_tb.sv:184 [compile index 7]
*** Warning: CASE_ITEM_WIDTH_MISMATCH: Comparison between case expression 'curr_rd_buffer' of '2-bit' type and item expression '0' of '32-bit' type
    at line 114 in /home/deck/Documents/Edge_Runner/edge_runners/pixel_loader.sv:114 [compile index 16]
*** Warning: CASE_ITEM_WIDTH_MISMATCH: Comparison between case expression 'curr_rd_buffer' of '2-bit' type and item expression '1' of '32-bit' type
    at line 115 in /home/deck/Documents/Edge_Runner/edge_runners/pixel_loader.sv:115 [compile index 16]
*** Warning: CASE_ITEM_WIDTH_MISMATCH: Comparison between case expression 'curr_rd_buffer' of '2-bit' type and item expression '2' of '32-bit' type
    at line 116 in /home/deck/Documents/Edge_Runner/edge_runners/pixel_loader.sv:116 [compile index 16]
*** Warning: CASE_ITEM_WIDTH_MISMATCH: Comparison between case expression 'curr_rd_buffer' of '2-bit' type and item expression '3' of '32-bit' type
    at line 117 in /home/deck/Documents/Edge_Runner/edge_runners/pixel_loader.sv:117 [compile index 16]
*** Warning: CASE_ITEM_WIDTH_MISMATCH: Comparison between case expression 'curr_rd_buffer' of '2-bit' type and item expression '0' of '32-bit' type
    at line 128 in /home/deck/Documents/Edge_Runner/edge_runners/pixel_loader.sv:128 [compile index 16]
*** Warning: CASE_ITEM_WIDTH_MISMATCH: Comparison between case expression 'curr_rd_buffer' of '2-bit' type and item expression '1' of '32-bit' type
    at line 129 in /home/deck/Documents/Edge_Runner/edge_runners/pixel_loader.sv:129 [compile index 16]
*** Warning: CASE_ITEM_WIDTH_MISMATCH: Comparison between case expression 'curr_rd_buffer' of '2-bit' type and item expression '2' of '32-bit' type
    at line 130 in /home/deck/Documents/Edge_Runner/edge_runners/pixel_loader.sv:130 [compile index 16]
*** Warning: CASE_ITEM_WIDTH_MISMATCH: Comparison between case expression 'curr_rd_buffer' of '2-bit' type and item expression '3' of '32-bit' type
    at line 131 in /home/deck/Documents/Edge_Runner/edge_runners/pixel_loader.sv:131 [compile index 16]
*** Warning: UNELABORATED_MODULE: Module 'work.non_max_suppression' is not elaborated
    at line 1 in /home/deck/Documents/Edge_Runner/edge_runners/non_max_suppression.sv:1 [compile index 17]
*** Warning: ASSIGNMENT_NON_BLOCKING: Non-blocking assignment of 'nms_magnitude' in combinational logic (use blocking assignment)
    at line 29 in /home/deck/Documents/Edge_Runner/edge_runners/non_max_suppression.sv:29 [compile index 17]
*** Warning: ASSIGNMENT_NON_BLOCKING: Non-blocking assignment of 'nms_magnitude' in combinational logic (use blocking assignment)
    at line 33 in /home/deck/Documents/Edge_Runner/edge_runners/non_max_suppression.sv:33 [compile index 17]
*** Warning: ASSIGNMENT_NON_BLOCKING: Non-blocking assignment of 'nms_magnitude' in combinational logic (use blocking assignment)
    at line 37 in /home/deck/Documents/Edge_Runner/edge_runners/non_max_suppression.sv:37 [compile index 17]
*** Warning: ASSIGNMENT_NON_BLOCKING: Non-blocking assignment of 'nms_magnitude' in combinational logic (use blocking assignment)
    at line 41 in /home/deck/Documents/Edge_Runner/edge_runners/non_max_suppression.sv:41 [compile index 17]
*** Warning: UNELABORATED_MODULE: Module 'work.canny_edge_top' is not elaborated
    at line 1 in /home/deck/Documents/Edge_Runner/edge_runners/canny_edge_top.sv:1 [compile index 21]
Performing mixed post full build step (VLOG - RD) [4 ms] ...
Performing mixed post full build step (VLOG - US) [151 ms] ...
*** Warning: INTERNAL_GENERATED_CLOCK: Clock signal 'clk' is not an input port
    at line 173 in /home/deck/Documents/Edge_Runner/edge_runners/testBench/gradient_calculation_tb.sv:173 [compile index 7]
*** Warning: INTERNAL_GENERATED_RESET: Reset signal 'gaussian_pixel_out_valid' is not an input port
    at line 174 in /home/deck/Documents/Edge_Runner/edge_runners/testBench/gradient_calculation_tb.sv:174 [compile index 7]
*** Warning: INTERNAL_GENERATED_CLOCK: Clock signal 'clk' is not an input port
    at line 211 in /home/deck/Documents/Edge_Runner/edge_runners/testBench/non_max_suppression_tb.sv:211 [compile index 8]
*** Warning: INTERNAL_GENERATED_RESET: Reset signal 'gaussian_pixel_out_valid' is not an input port
    at line 212 in /home/deck/Documents/Edge_Runner/edge_runners/testBench/non_max_suppression_tb.sv:212 [compile index 8]
*** Warning: SIGNAL_RESET_BUT_NOT_DRIVEN: Signal 'file2' is reset but not driven
    at line 96 in /home/deck/Documents/Edge_Runner/edge_runners/testBench/pixel_loader_tb.sv:96 [compile index 9]
*** Warning: INTERNAL_GENERATED_CLOCK: Clock signal 'clk' is not an input port
    at line 107 in /home/deck/Documents/Edge_Runner/edge_runners/testBench/pixel_loader_tb.sv:107 [compile index 9]
*** Warning: INTERNAL_GENERATED_RESET: Reset signal 'gaussian_pixel_out_valid' is not an input port
    at line 108 in /home/deck/Documents/Edge_Runner/edge_runners/testBench/pixel_loader_tb.sv:108 [compile index 9]
*** Warning: SIGNAL_NEVER_READ: Signal 'sqrt' is never read (connected to sub-instance output port)
    at line 5 in /home/deck/Documents/Edge_Runner/edge_runners/testBench/sqrt_22b_tb.sv:5 [compile index 10]
*** Warning: SIGNAL_NEVER_USED: Signal 'data' is never used
    at line 7 in /home/deck/Documents/Edge_Runner/edge_runners/uart/transmitter.sv:7 [compile index 13]
*** Warning: INTERNAL_GENERATED_CLOCK: Clock signal 'ticker' is not an input port
    at line 30 in /home/deck/Documents/Edge_Runner/edge_runners/uart/transmitter.sv:30 [compile index 13]
*** Warning: SIGNAL_NOT_RESET: Signal 'buffer' is not reset
    at line 40 in /home/deck/Documents/Edge_Runner/edge_runners/uart/transmitter.sv:40 [compile index 13]
*** Warning: INTERNAL_GENERATED_CLOCK: Clock signal 'ticker' is not an input port
    at line 35 in /home/deck/Documents/Edge_Runner/edge_runners/uart/receiver.sv:35 [compile index 14]
*** Warning: SIGNAL_NEVER_USED: Signal 'clk' is never used
    at line 4 in /home/deck/Documents/Edge_Runner/edge_runners/non_max_suppression.sv:4 [compile index 17]
*** Warning: SIGNAL_NEVER_USED: Signal 'rstN' is never used
    at line 5 in /home/deck/Documents/Edge_Runner/edge_runners/non_max_suppression.sv:5 [compile index 17]
*** Warning: FEEDTHROUGH_DETECTED: Feedthrough from 'gradient_data_valid' to 'nms_valid'
    at line 22 in /home/deck/Documents/Edge_Runner/edge_runners/non_max_suppression.sv:22 [compile index 17]
*** Warning: SIGNAL_NOT_RESET: Signal 'line' is not reset
    at line 22 in /home/deck/Documents/Edge_Runner/edge_runners/line_buffer.sv:22 [compile index 18]
*** Warning: SIGNAL_NEVER_USED: Signal 'clk' is never used
    at line 5 in /home/deck/Documents/Edge_Runner/edge_runners/canny_edge_top.sv:5 [compile index 21]
*** Warning: SIGNAL_NEVER_USED: Signal 'rstN' is never used
    at line 6 in /home/deck/Documents/Edge_Runner/edge_runners/canny_edge_top.sv:6 [compile index 21]
*** Warning: SIGNAL_NEVER_USED: Signal 'pixel_in' is never used
    at line 8 in /home/deck/Documents/Edge_Runner/edge_runners/canny_edge_top.sv:8 [compile index 21]
*** Warning: SIGNAL_NEVER_USED: Signal 'pixel_in_valid' is never used
    at line 9 in /home/deck/Documents/Edge_Runner/edge_runners/canny_edge_top.sv:9 [compile index 21]
*** Warning: SIGNAL_NEVER_USED: Signal 'in_ready' is never used
    at line 10 in /home/deck/Documents/Edge_Runner/edge_runners/canny_edge_top.sv:10 [compile index 21]
*** Warning: SIGNAL_NEVER_USED: Signal 'pixel_out' is never used
    at line 12 in /home/deck/Documents/Edge_Runner/edge_runners/canny_edge_top.sv:12 [compile index 21]
*** Warning: SIGNAL_NEVER_USED: Signal 'pixel_out_valid' is never used
    at line 13 in /home/deck/Documents/Edge_Runner/edge_runners/canny_edge_top.sv:13 [compile index 21]
*** Warning: SIGNAL_NEVER_USED: Signal 'out_ready' is never used
    at line 14 in /home/deck/Documents/Edge_Runner/edge_runners/canny_edge_top.sv:14 [compile index 21]
*** Done mixed mode extension build [792 ms] ***
*** Total build time [2s.144ms] ***
