#-----------------------------------------------------------
# Vivado v2024.2 (64-bit)
# SW Build 5239630 on Fri Nov 08 22:34:34 MST 2024
# IP Build 5239520 on Sun Nov 10 16:12:51 MST 2024
# SharedData Build 5239561 on Fri Nov 08 14:39:27 MST 2024
# Start of session at: Fri Mar 21 16:52:57 2025
# Process ID         : 20572
# Current directory  : /home/deck/Documents/Edge_Runner/edge_runners
# Command line       : vivado
# Log file           : /home/deck/Documents/Edge_Runner/edge_runners/vivado.log
# Journal file       : /home/deck/Documents/Edge_Runner/edge_runners/vivado.jou
# Running On         : steamdeck
# Platform           : SteamOS
# Operating System   : SteamOS Holo
# Processor Detail   : AMD Custom APU 0405
# CPU Frequency      : 1092.247 MHz
# CPU Physical cores : 4
# CPU Logical cores  : 8
# Host memory        : 15531 MB
# Swap memory        : 8839 MB
# Total Virtual      : 24371 MB
# Available Virtual  : 16060 MB
#-----------------------------------------------------------
start_gui
open_project /home/deck/Documents/Edge_Runner/edge_runners/Vivado/Sims/uart_project.xpr
INFO: [filemgmt 56-3] Default IP Output Path : Could not find the directory '/home/deck/Documents/Edge_Runner/edge_runners/Vivado/Sims/uart_project.gen/sources_1'.
Scanning sources...
Finished scanning sources
INFO: [IP_Flow 19-234] Refreshing IP repositories
INFO: [IP_Flow 19-1704] No user IP repositories specified
INFO: [IP_Flow 19-2313] Loaded Vivado IP repository '/home/deck/xlinx/Vivado/2024.2/data/ip'.
update_compile_order -fileset sources_1
launch_simulation
Command: launch_simulation 
INFO: [Vivado 12-12493] Simulation top is 'tb_Kennedy_Transmitter'
INFO: [Vivado 12-5682] Launching behavioral simulation in '/home/deck/Documents/Edge_Runner/edge_runners/Vivado/Sims/uart_project.sim/sim_1/behav/xsim'
INFO: [SIM-utils-51] Simulation object is 'sim_1'
INFO: [SIM-utils-72] Using boost library from '/home/deck/xlinx/Vivado/2024.2/tps/boost_1_72_0'
INFO: [SIM-utils-54] Inspecting design source files for 'tb_Kennedy_Transmitter' in fileset 'sim_1'...
INFO: [USF-XSim-97] Finding global include files...
INFO: [USF-XSim-98] Fetching design files from 'sim_1'...
INFO: [USF-XSim-2] XSim::Compile design
INFO: [USF-XSim-61] Executing 'COMPILE and ANALYZE' step in '/home/deck/Documents/Edge_Runner/edge_runners/Vivado/Sims/uart_project.sim/sim_1/behav/xsim'
xvlog --incr --relax -L uvm -prj tb_Kennedy_Transmitter_vlog.prj
Waiting for jobs to finish...
No pending jobs, compilation finished.
INFO: [USF-XSim-69] 'compile' step finished in '1' seconds
INFO: [USF-XSim-3] XSim::Elaborate design
INFO: [USF-XSim-61] Executing 'ELABORATE' step in '/home/deck/Documents/Edge_Runner/edge_runners/Vivado/Sims/uart_project.sim/sim_1/behav/xsim'
xelab --incr --debug typical --relax --mt 8 -L xil_defaultlib -L uvm -L unisims_ver -L unimacro_ver -L secureip --snapshot tb_Kennedy_Transmitter_behav xil_defaultlib.tb_Kennedy_Transmitter xil_defaultlib.glbl -log elaborate.log
Vivado Simulator v2024.2.0
Copyright 1986-2022 Xilinx, Inc. All Rights Reserved.
Copyright 2022-2024 Advanced Micro Devices, Inc. All Rights Reserved.
Running: /home/deck/xlinx/Vivado/2024.2/bin/unwrapped/lnx64.o/xelab --incr --debug typical --relax --mt 8 -L xil_defaultlib -L uvm -L unisims_ver -L unimacro_ver -L secureip --snapshot tb_Kennedy_Transmitter_behav xil_defaultlib.tb_Kennedy_Transmitter xil_defaultlib.glbl -log elaborate.log 
Using 8 slave threads.
Starting static elaboration
Pass Through NonSizing Optimizer
WARNING: [VRFC 10-3091] actual bit length 32 differs from formal bit length 3 for port 'divisor' [/home/deck/Documents/Edge_Runner/edge_runners/uart/kennedy/Testing/Kennedy_transmitter_tb.sv:31]
Completed static elaboration
INFO: [XSIM 43-4323] No Change in HDL. Linking previously generated obj files to create kernel
INFO: [USF-XSim-69] 'elaborate' step finished in '2' seconds
INFO: [USF-XSim-4] XSim::Simulate design
INFO: [USF-XSim-61] Executing 'SIMULATE' step in '/home/deck/Documents/Edge_Runner/edge_runners/Vivado/Sims/uart_project.sim/sim_1/behav/xsim'
INFO: [USF-XSim-98] *** Running xsim
   with args "tb_Kennedy_Transmitter_behav -key {Behavioral:sim_1:Functional:tb_Kennedy_Transmitter} -tclbatch {tb_Kennedy_Transmitter.tcl} -log {simulate.log}"
INFO: [USF-XSim-8] Loading simulator feature
Time resolution is 1 ps
source tb_Kennedy_Transmitter.tcl
# set curr_wave [current_wave_config]
# if { [string length $curr_wave] == 0 } {
#   if { [llength [get_objects]] > 0} {
#     add_wave /
#     set_property needs_save false [current_wave_config]
#   } else {
#      send_msg_id Add_Wave-1 WARNING "No top level signals found. Simulator will start without a wave window. If you want to open a wave window go to 'File->New Waveform Configuration' or type 'create_wave_config' in the TCL console."
#   }
# }
# run 1000ns
INFO: [USF-XSim-96] XSim completed. Design snapshot 'tb_Kennedy_Transmitter_behav' loaded.
INFO: [USF-XSim-97] XSim simulation ran for 1000ns
launch_simulation: Time (s): cpu = 00:00:12 ; elapsed = 00:00:08 . Memory (MB): peak = 7742.035 ; gain = 90.305 ; free physical = 633 ; free virtual = 14444
update_compile_order -fileset sources_1
run 10 us
run 10 us
run 10 us
run 10 us
run 10 us
run 10 us
run 10 us
relaunch_sim
Command: launch_simulation -step compile -simset sim_1 -mode behavioral
INFO: [Vivado 12-12493] Simulation top is 'tb_Kennedy_Transmitter'
INFO: [Vivado 12-5682] Launching behavioral simulation in '/home/deck/Documents/Edge_Runner/edge_runners/Vivado/Sims/uart_project.sim/sim_1/behav/xsim'
INFO: [SIM-utils-51] Simulation object is 'sim_1'
INFO: [SIM-utils-72] Using boost library from '/home/deck/xlinx/Vivado/2024.2/tps/boost_1_72_0'
INFO: [SIM-utils-54] Inspecting design source files for 'tb_Kennedy_Transmitter' in fileset 'sim_1'...
INFO: [USF-XSim-97] Finding global include files...
INFO: [USF-XSim-98] Fetching design files from 'sim_1'...
INFO: [USF-XSim-2] XSim::Compile design
INFO: [USF-XSim-61] Executing 'COMPILE and ANALYZE' step in '/home/deck/Documents/Edge_Runner/edge_runners/Vivado/Sims/uart_project.sim/sim_1/behav/xsim'
xvlog --incr --relax -L uvm -prj tb_Kennedy_Transmitter_vlog.prj
INFO: [VRFC 10-2263] Analyzing SystemVerilog file "/home/deck/Documents/Edge_Runner/edge_runners/definitions_pkg.sv" into library xil_defaultlib
INFO: [VRFC 10-2263] Analyzing SystemVerilog file "/home/deck/Documents/Edge_Runner/edge_runners/uart/kennedy/Kennedy_Transmitter.sv" into library xil_defaultlib
INFO: [VRFC 10-311] analyzing module Kennedy_Transmitter
INFO: [VRFC 10-2263] Analyzing SystemVerilog file "/home/deck/Documents/Edge_Runner/edge_runners/uart/kennedy/baud_gen.sv" into library xil_defaultlib
INFO: [VRFC 10-311] analyzing module baud_gen
INFO: [VRFC 10-2263] Analyzing SystemVerilog file "/home/deck/Documents/Edge_Runner/edge_runners/uart/kennedy/Testing/Kennedy_transmitter_tb.sv" into library xil_defaultlib
INFO: [VRFC 10-311] analyzing module tb_Kennedy_Transmitter
Waiting for jobs to finish...
No pending jobs, compilation finished.
INFO: [USF-XSim-69] 'compile' step finished in '2' seconds
Command: launch_simulation -step elaborate -simset sim_1 -mode behavioral
INFO: [Vivado 12-12493] Simulation top is 'tb_Kennedy_Transmitter'
INFO: [Vivado 12-5682] Launching behavioral simulation in '/home/deck/Documents/Edge_Runner/edge_runners/Vivado/Sims/uart_project.sim/sim_1/behav/xsim'
INFO: [SIM-utils-51] Simulation object is 'sim_1'
INFO: [USF-XSim-3] XSim::Elaborate design
INFO: [USF-XSim-61] Executing 'ELABORATE' step in '/home/deck/Documents/Edge_Runner/edge_runners/Vivado/Sims/uart_project.sim/sim_1/behav/xsim'
xelab --incr --debug typical --relax --mt 8 -L xil_defaultlib -L uvm -L unisims_ver -L unimacro_ver -L secureip --snapshot tb_Kennedy_Transmitter_behav xil_defaultlib.tb_Kennedy_Transmitter xil_defaultlib.glbl -log elaborate.log
Vivado Simulator v2024.2.0
Copyright 1986-2022 Xilinx, Inc. All Rights Reserved.
Copyright 2022-2024 Advanced Micro Devices, Inc. All Rights Reserved.
Running: /home/deck/xlinx/Vivado/2024.2/bin/unwrapped/lnx64.o/xelab --incr --debug typical --relax --mt 8 -L xil_defaultlib -L uvm -L unisims_ver -L unimacro_ver -L secureip --snapshot tb_Kennedy_Transmitter_behav xil_defaultlib.tb_Kennedy_Transmitter xil_defaultlib.glbl -log elaborate.log 
Using 8 slave threads.
Starting static elaboration
Pass Through NonSizing Optimizer
WARNING: [VRFC 10-3091] actual bit length 32 differs from formal bit length 3 for port 'divisor' [/home/deck/Documents/Edge_Runner/edge_runners/uart/kennedy/Testing/Kennedy_transmitter_tb.sv:31]
Completed static elaboration
Starting simulation data flow analysis
WARNING: [XSIM 43-4100] "/home/deck/Documents/Edge_Runner/edge_runners/Vivado/Sims/uart_project.sim/sim_1/behav/xsim/glbl.v" Line 6. Module glbl has a timescale but at least one module in design doesn't have timescale.
WARNING: [XSIM 43-4100] "/home/deck/Documents/Edge_Runner/edge_runners/Vivado/Sims/uart_project.sim/sim_1/behav/xsim/glbl.v" Line 6. Module glbl has a timescale but at least one module in design doesn't have timescale.
Completed simulation data flow analysis
Time Resolution for simulation is 1ps
Compiling package xil_defaultlib.definitions_pkg
Compiling module xil_defaultlib.Kennedy_Transmitter
Compiling module xil_defaultlib.baud_gen
Compiling module xil_defaultlib.tb_Kennedy_Transmitter
Compiling module xil_defaultlib.glbl
Built simulation snapshot tb_Kennedy_Transmitter_behav
INFO: [USF-XSim-69] 'elaborate' step finished in '2' seconds
Time resolution is 1 ps
relaunch_sim: Time (s): cpu = 00:00:11 ; elapsed = 00:00:09 . Memory (MB): peak = 7843.133 ; gain = 29.883 ; free physical = 704 ; free virtual = 14328
run 10 us
run 10 us
run 10 us
relaunch_sim
Command: launch_simulation -step compile -simset sim_1 -mode behavioral
INFO: [Vivado 12-12493] Simulation top is 'tb_Kennedy_Transmitter'
INFO: [Vivado 12-5682] Launching behavioral simulation in '/home/deck/Documents/Edge_Runner/edge_runners/Vivado/Sims/uart_project.sim/sim_1/behav/xsim'
INFO: [SIM-utils-51] Simulation object is 'sim_1'
INFO: [USF-XSim-2] XSim::Compile design
INFO: [USF-XSim-61] Executing 'COMPILE and ANALYZE' step in '/home/deck/Documents/Edge_Runner/edge_runners/Vivado/Sims/uart_project.sim/sim_1/behav/xsim'
xvlog --incr --relax -L uvm -prj tb_Kennedy_Transmitter_vlog.prj
INFO: [VRFC 10-2263] Analyzing SystemVerilog file "/home/deck/Documents/Edge_Runner/edge_runners/definitions_pkg.sv" into library xil_defaultlib
INFO: [VRFC 10-2263] Analyzing SystemVerilog file "/home/deck/Documents/Edge_Runner/edge_runners/uart/kennedy/Kennedy_Transmitter.sv" into library xil_defaultlib
INFO: [VRFC 10-311] analyzing module Kennedy_Transmitter
INFO: [VRFC 10-2263] Analyzing SystemVerilog file "/home/deck/Documents/Edge_Runner/edge_runners/uart/kennedy/baud_gen.sv" into library xil_defaultlib
INFO: [VRFC 10-311] analyzing module baud_gen
INFO: [VRFC 10-2263] Analyzing SystemVerilog file "/home/deck/Documents/Edge_Runner/edge_runners/uart/kennedy/Testing/Kennedy_transmitter_tb.sv" into library xil_defaultlib
INFO: [VRFC 10-311] analyzing module tb_Kennedy_Transmitter
Waiting for jobs to finish...
No pending jobs, compilation finished.
INFO: [USF-XSim-69] 'compile' step finished in '2' seconds
Command: launch_simulation -step elaborate -simset sim_1 -mode behavioral
INFO: [Vivado 12-12493] Simulation top is 'tb_Kennedy_Transmitter'
INFO: [Vivado 12-5682] Launching behavioral simulation in '/home/deck/Documents/Edge_Runner/edge_runners/Vivado/Sims/uart_project.sim/sim_1/behav/xsim'
INFO: [SIM-utils-51] Simulation object is 'sim_1'
INFO: [USF-XSim-3] XSim::Elaborate design
INFO: [USF-XSim-61] Executing 'ELABORATE' step in '/home/deck/Documents/Edge_Runner/edge_runners/Vivado/Sims/uart_project.sim/sim_1/behav/xsim'
xelab --incr --debug typical --relax --mt 8 -L xil_defaultlib -L uvm -L unisims_ver -L unimacro_ver -L secureip --snapshot tb_Kennedy_Transmitter_behav xil_defaultlib.tb_Kennedy_Transmitter xil_defaultlib.glbl -log elaborate.log
Vivado Simulator v2024.2.0
Copyright 1986-2022 Xilinx, Inc. All Rights Reserved.
Copyright 2022-2024 Advanced Micro Devices, Inc. All Rights Reserved.
Running: /home/deck/xlinx/Vivado/2024.2/bin/unwrapped/lnx64.o/xelab --incr --debug typical --relax --mt 8 -L xil_defaultlib -L uvm -L unisims_ver -L unimacro_ver -L secureip --snapshot tb_Kennedy_Transmitter_behav xil_defaultlib.tb_Kennedy_Transmitter xil_defaultlib.glbl -log elaborate.log 
Using 8 slave threads.
Starting static elaboration
Pass Through NonSizing Optimizer
WARNING: [VRFC 10-3091] actual bit length 32 differs from formal bit length 3 for port 'divisor' [/home/deck/Documents/Edge_Runner/edge_runners/uart/kennedy/Testing/Kennedy_transmitter_tb.sv:31]
Completed static elaboration
Starting simulation data flow analysis
WARNING: [XSIM 43-4100] "/home/deck/Documents/Edge_Runner/edge_runners/Vivado/Sims/uart_project.sim/sim_1/behav/xsim/glbl.v" Line 6. Module glbl has a timescale but at least one module in design doesn't have timescale.
WARNING: [XSIM 43-4100] "/home/deck/Documents/Edge_Runner/edge_runners/Vivado/Sims/uart_project.sim/sim_1/behav/xsim/glbl.v" Line 6. Module glbl has a timescale but at least one module in design doesn't have timescale.
Completed simulation data flow analysis
Time Resolution for simulation is 1ps
Compiling package xil_defaultlib.definitions_pkg
Compiling module xil_defaultlib.Kennedy_Transmitter
Compiling module xil_defaultlib.baud_gen
Compiling module xil_defaultlib.tb_Kennedy_Transmitter
Compiling module xil_defaultlib.glbl
Built simulation snapshot tb_Kennedy_Transmitter_behav
INFO: [USF-XSim-69] 'elaborate' step finished in '2' seconds
Time resolution is 1 ps
relaunch_sim: Time (s): cpu = 00:00:06 ; elapsed = 00:00:07 . Memory (MB): peak = 7845.137 ; gain = 0.000 ; free physical = 581 ; free virtual = 14216
run 10 us
run 10 us
run 10 us
run 10 us
run 10 us
run 10 us
relaunch_sim
Command: launch_simulation -step compile -simset sim_1 -mode behavioral
INFO: [Vivado 12-12493] Simulation top is 'tb_Kennedy_Transmitter'
INFO: [Vivado 12-5682] Launching behavioral simulation in '/home/deck/Documents/Edge_Runner/edge_runners/Vivado/Sims/uart_project.sim/sim_1/behav/xsim'
INFO: [SIM-utils-51] Simulation object is 'sim_1'
INFO: [USF-XSim-2] XSim::Compile design
INFO: [USF-XSim-61] Executing 'COMPILE and ANALYZE' step in '/home/deck/Documents/Edge_Runner/edge_runners/Vivado/Sims/uart_project.sim/sim_1/behav/xsim'
xvlog --incr --relax -L uvm -prj tb_Kennedy_Transmitter_vlog.prj
INFO: [VRFC 10-2263] Analyzing SystemVerilog file "/home/deck/Documents/Edge_Runner/edge_runners/definitions_pkg.sv" into library xil_defaultlib
INFO: [VRFC 10-2263] Analyzing SystemVerilog file "/home/deck/Documents/Edge_Runner/edge_runners/uart/kennedy/Kennedy_Transmitter.sv" into library xil_defaultlib
INFO: [VRFC 10-311] analyzing module Kennedy_Transmitter
INFO: [VRFC 10-2263] Analyzing SystemVerilog file "/home/deck/Documents/Edge_Runner/edge_runners/uart/kennedy/baud_gen.sv" into library xil_defaultlib
INFO: [VRFC 10-311] analyzing module baud_gen
INFO: [VRFC 10-2263] Analyzing SystemVerilog file "/home/deck/Documents/Edge_Runner/edge_runners/uart/kennedy/Testing/Kennedy_transmitter_tb.sv" into library xil_defaultlib
INFO: [VRFC 10-311] analyzing module tb_Kennedy_Transmitter
Waiting for jobs to finish...
No pending jobs, compilation finished.
INFO: [USF-XSim-69] 'compile' step finished in '3' seconds
Command: launch_simulation -step elaborate -simset sim_1 -mode behavioral
INFO: [Vivado 12-12493] Simulation top is 'tb_Kennedy_Transmitter'
INFO: [Vivado 12-5682] Launching behavioral simulation in '/home/deck/Documents/Edge_Runner/edge_runners/Vivado/Sims/uart_project.sim/sim_1/behav/xsim'
INFO: [SIM-utils-51] Simulation object is 'sim_1'
INFO: [USF-XSim-3] XSim::Elaborate design
INFO: [USF-XSim-61] Executing 'ELABORATE' step in '/home/deck/Documents/Edge_Runner/edge_runners/Vivado/Sims/uart_project.sim/sim_1/behav/xsim'
xelab --incr --debug typical --relax --mt 8 -L xil_defaultlib -L uvm -L unisims_ver -L unimacro_ver -L secureip --snapshot tb_Kennedy_Transmitter_behav xil_defaultlib.tb_Kennedy_Transmitter xil_defaultlib.glbl -log elaborate.log
Vivado Simulator v2024.2.0
Copyright 1986-2022 Xilinx, Inc. All Rights Reserved.
Copyright 2022-2024 Advanced Micro Devices, Inc. All Rights Reserved.
Running: /home/deck/xlinx/Vivado/2024.2/bin/unwrapped/lnx64.o/xelab --incr --debug typical --relax --mt 8 -L xil_defaultlib -L uvm -L unisims_ver -L unimacro_ver -L secureip --snapshot tb_Kennedy_Transmitter_behav xil_defaultlib.tb_Kennedy_Transmitter xil_defaultlib.glbl -log elaborate.log 
Using 8 slave threads.
Starting static elaboration
Pass Through NonSizing Optimizer
WARNING: [VRFC 10-3091] actual bit length 32 differs from formal bit length 3 for port 'divisor' [/home/deck/Documents/Edge_Runner/edge_runners/uart/kennedy/Testing/Kennedy_transmitter_tb.sv:31]
Completed static elaboration
Starting simulation data flow analysis
WARNING: [XSIM 43-4100] "/home/deck/Documents/Edge_Runner/edge_runners/Vivado/Sims/uart_project.sim/sim_1/behav/xsim/glbl.v" Line 6. Module glbl has a timescale but at least one module in design doesn't have timescale.
WARNING: [XSIM 43-4100] "/home/deck/Documents/Edge_Runner/edge_runners/Vivado/Sims/uart_project.sim/sim_1/behav/xsim/glbl.v" Line 6. Module glbl has a timescale but at least one module in design doesn't have timescale.
Completed simulation data flow analysis
Time Resolution for simulation is 1ps
Compiling package xil_defaultlib.definitions_pkg
Compiling module xil_defaultlib.Kennedy_Transmitter
Compiling module xil_defaultlib.baud_gen
Compiling module xil_defaultlib.tb_Kennedy_Transmitter
Compiling module xil_defaultlib.glbl
Built simulation snapshot tb_Kennedy_Transmitter_behav
INFO: [USF-XSim-69] 'elaborate' step finished in '2' seconds
Time resolution is 1 ps
relaunch_sim: Time (s): cpu = 00:00:10 ; elapsed = 00:00:08 . Memory (MB): peak = 7882.160 ; gain = 0.000 ; free physical = 787 ; free virtual = 13801
run 10 us
run 10 us
run 10 us
run 10 us
run 10 us
run 10 us
run 10 us
run 10 us
run 10 us
run 10 us
run 10 us
run 10 us
relaunch_sim
Command: launch_simulation -step compile -simset sim_1 -mode behavioral
INFO: [Vivado 12-12493] Simulation top is 'tb_Kennedy_Transmitter'
INFO: [Vivado 12-5682] Launching behavioral simulation in '/home/deck/Documents/Edge_Runner/edge_runners/Vivado/Sims/uart_project.sim/sim_1/behav/xsim'
INFO: [SIM-utils-51] Simulation object is 'sim_1'
INFO: [USF-XSim-2] XSim::Compile design
INFO: [USF-XSim-61] Executing 'COMPILE and ANALYZE' step in '/home/deck/Documents/Edge_Runner/edge_runners/Vivado/Sims/uart_project.sim/sim_1/behav/xsim'
xvlog --incr --relax -L uvm -prj tb_Kennedy_Transmitter_vlog.prj
INFO: [VRFC 10-2263] Analyzing SystemVerilog file "/home/deck/Documents/Edge_Runner/edge_runners/definitions_pkg.sv" into library xil_defaultlib
INFO: [VRFC 10-2263] Analyzing SystemVerilog file "/home/deck/Documents/Edge_Runner/edge_runners/uart/kennedy/Kennedy_Transmitter.sv" into library xil_defaultlib
INFO: [VRFC 10-311] analyzing module Kennedy_Transmitter
INFO: [VRFC 10-2263] Analyzing SystemVerilog file "/home/deck/Documents/Edge_Runner/edge_runners/uart/kennedy/baud_gen.sv" into library xil_defaultlib
INFO: [VRFC 10-311] analyzing module baud_gen
INFO: [VRFC 10-2263] Analyzing SystemVerilog file "/home/deck/Documents/Edge_Runner/edge_runners/uart/kennedy/Testing/Kennedy_transmitter_tb.sv" into library xil_defaultlib
INFO: [VRFC 10-311] analyzing module tb_Kennedy_Transmitter
Waiting for jobs to finish...
No pending jobs, compilation finished.
INFO: [USF-XSim-69] 'compile' step finished in '3' seconds
Command: launch_simulation -step elaborate -simset sim_1 -mode behavioral
INFO: [Vivado 12-12493] Simulation top is 'tb_Kennedy_Transmitter'
INFO: [Vivado 12-5682] Launching behavioral simulation in '/home/deck/Documents/Edge_Runner/edge_runners/Vivado/Sims/uart_project.sim/sim_1/behav/xsim'
INFO: [SIM-utils-51] Simulation object is 'sim_1'
INFO: [USF-XSim-3] XSim::Elaborate design
INFO: [USF-XSim-61] Executing 'ELABORATE' step in '/home/deck/Documents/Edge_Runner/edge_runners/Vivado/Sims/uart_project.sim/sim_1/behav/xsim'
xelab --incr --debug typical --relax --mt 8 -L xil_defaultlib -L uvm -L unisims_ver -L unimacro_ver -L secureip --snapshot tb_Kennedy_Transmitter_behav xil_defaultlib.tb_Kennedy_Transmitter xil_defaultlib.glbl -log elaborate.log
Vivado Simulator v2024.2.0
Copyright 1986-2022 Xilinx, Inc. All Rights Reserved.
Copyright 2022-2024 Advanced Micro Devices, Inc. All Rights Reserved.
Running: /home/deck/xlinx/Vivado/2024.2/bin/unwrapped/lnx64.o/xelab --incr --debug typical --relax --mt 8 -L xil_defaultlib -L uvm -L unisims_ver -L unimacro_ver -L secureip --snapshot tb_Kennedy_Transmitter_behav xil_defaultlib.tb_Kennedy_Transmitter xil_defaultlib.glbl -log elaborate.log 
Using 8 slave threads.
Starting static elaboration
Pass Through NonSizing Optimizer
WARNING: [VRFC 10-3091] actual bit length 32 differs from formal bit length 3 for port 'divisor' [/home/deck/Documents/Edge_Runner/edge_runners/uart/kennedy/Testing/Kennedy_transmitter_tb.sv:31]
Completed static elaboration
Starting simulation data flow analysis
WARNING: [XSIM 43-4100] "/home/deck/Documents/Edge_Runner/edge_runners/Vivado/Sims/uart_project.sim/sim_1/behav/xsim/glbl.v" Line 6. Module glbl has a timescale but at least one module in design doesn't have timescale.
WARNING: [XSIM 43-4100] "/home/deck/Documents/Edge_Runner/edge_runners/Vivado/Sims/uart_project.sim/sim_1/behav/xsim/glbl.v" Line 6. Module glbl has a timescale but at least one module in design doesn't have timescale.
Completed simulation data flow analysis
Time Resolution for simulation is 1ps
Compiling package xil_defaultlib.definitions_pkg
Compiling module xil_defaultlib.Kennedy_Transmitter
Compiling module xil_defaultlib.baud_gen
Compiling module xil_defaultlib.tb_Kennedy_Transmitter
Compiling module xil_defaultlib.glbl
Built simulation snapshot tb_Kennedy_Transmitter_behav
INFO: [USF-XSim-69] 'elaborate' step finished in '2' seconds
Time resolution is 1 ps
relaunch_sim: Time (s): cpu = 00:00:07 ; elapsed = 00:00:08 . Memory (MB): peak = 7947.203 ; gain = 20.008 ; free physical = 713 ; free virtual = 13737
run 10 us
run 10 us
run 10 us
run 10 us
run 10 us
run 10 us
run 10 us
run 10 us
run 10 us
Test passed: Transmitted data 78
$finish called at time : 89950 ns : File "/home/deck/Documents/Edge_Runner/edge_runners/uart/kennedy/Testing/Kennedy_transmitter_tb.sv" Line 75
relaunch_sim
Command: launch_simulation -step compile -simset sim_1 -mode behavioral
INFO: [Vivado 12-12493] Simulation top is 'tb_Kennedy_Transmitter'
INFO: [Vivado 12-5682] Launching behavioral simulation in '/home/deck/Documents/Edge_Runner/edge_runners/Vivado/Sims/uart_project.sim/sim_1/behav/xsim'
INFO: [SIM-utils-51] Simulation object is 'sim_1'
INFO: [USF-XSim-2] XSim::Compile design
INFO: [USF-XSim-61] Executing 'COMPILE and ANALYZE' step in '/home/deck/Documents/Edge_Runner/edge_runners/Vivado/Sims/uart_project.sim/sim_1/behav/xsim'
xvlog --incr --relax -L uvm -prj tb_Kennedy_Transmitter_vlog.prj
INFO: [VRFC 10-2263] Analyzing SystemVerilog file "/home/deck/Documents/Edge_Runner/edge_runners/definitions_pkg.sv" into library xil_defaultlib
INFO: [VRFC 10-2263] Analyzing SystemVerilog file "/home/deck/Documents/Edge_Runner/edge_runners/uart/kennedy/Kennedy_Transmitter.sv" into library xil_defaultlib
INFO: [VRFC 10-311] analyzing module Kennedy_Transmitter
INFO: [VRFC 10-2263] Analyzing SystemVerilog file "/home/deck/Documents/Edge_Runner/edge_runners/uart/kennedy/baud_gen.sv" into library xil_defaultlib
INFO: [VRFC 10-311] analyzing module baud_gen
INFO: [VRFC 10-2263] Analyzing SystemVerilog file "/home/deck/Documents/Edge_Runner/edge_runners/uart/kennedy/Testing/Kennedy_transmitter_tb.sv" into library xil_defaultlib
INFO: [VRFC 10-311] analyzing module tb_Kennedy_Transmitter
Waiting for jobs to finish...
No pending jobs, compilation finished.
INFO: [USF-XSim-69] 'compile' step finished in '2' seconds
Command: launch_simulation -step elaborate -simset sim_1 -mode behavioral
INFO: [Vivado 12-12493] Simulation top is 'tb_Kennedy_Transmitter'
INFO: [Vivado 12-5682] Launching behavioral simulation in '/home/deck/Documents/Edge_Runner/edge_runners/Vivado/Sims/uart_project.sim/sim_1/behav/xsim'
INFO: [SIM-utils-51] Simulation object is 'sim_1'
INFO: [USF-XSim-3] XSim::Elaborate design
INFO: [USF-XSim-61] Executing 'ELABORATE' step in '/home/deck/Documents/Edge_Runner/edge_runners/Vivado/Sims/uart_project.sim/sim_1/behav/xsim'
xelab --incr --debug typical --relax --mt 8 -L xil_defaultlib -L uvm -L unisims_ver -L unimacro_ver -L secureip --snapshot tb_Kennedy_Transmitter_behav xil_defaultlib.tb_Kennedy_Transmitter xil_defaultlib.glbl -log elaborate.log
Vivado Simulator v2024.2.0
Copyright 1986-2022 Xilinx, Inc. All Rights Reserved.
Copyright 2022-2024 Advanced Micro Devices, Inc. All Rights Reserved.
Running: /home/deck/xlinx/Vivado/2024.2/bin/unwrapped/lnx64.o/xelab --incr --debug typical --relax --mt 8 -L xil_defaultlib -L uvm -L unisims_ver -L unimacro_ver -L secureip --snapshot tb_Kennedy_Transmitter_behav xil_defaultlib.tb_Kennedy_Transmitter xil_defaultlib.glbl -log elaborate.log 
Using 8 slave threads.
Starting static elaboration
Pass Through NonSizing Optimizer
WARNING: [VRFC 10-3091] actual bit length 32 differs from formal bit length 3 for port 'divisor' [/home/deck/Documents/Edge_Runner/edge_runners/uart/kennedy/Testing/Kennedy_transmitter_tb.sv:31]
Completed static elaboration
Starting simulation data flow analysis
WARNING: [XSIM 43-4100] "/home/deck/Documents/Edge_Runner/edge_runners/Vivado/Sims/uart_project.sim/sim_1/behav/xsim/glbl.v" Line 6. Module glbl has a timescale but at least one module in design doesn't have timescale.
WARNING: [XSIM 43-4100] "/home/deck/Documents/Edge_Runner/edge_runners/Vivado/Sims/uart_project.sim/sim_1/behav/xsim/glbl.v" Line 6. Module glbl has a timescale but at least one module in design doesn't have timescale.
Completed simulation data flow analysis
Time Resolution for simulation is 1ps
Compiling package xil_defaultlib.definitions_pkg
Compiling module xil_defaultlib.Kennedy_Transmitter
Compiling module xil_defaultlib.baud_gen
Compiling module xil_defaultlib.tb_Kennedy_Transmitter
Compiling module xil_defaultlib.glbl
Built simulation snapshot tb_Kennedy_Transmitter_behav
INFO: [USF-XSim-69] 'elaborate' step finished in '2' seconds
Time resolution is 1 ps
relaunch_sim: Time (s): cpu = 00:00:12 ; elapsed = 00:00:07 . Memory (MB): peak = 8044.277 ; gain = 0.992 ; free physical = 553 ; free virtual = 13581
run 10 us
run 10 us
run 10 us
run 10 us
run 10 us
run 10 us
relaunch_sim
Command: launch_simulation -step compile -simset sim_1 -mode behavioral
INFO: [Vivado 12-12493] Simulation top is 'tb_Kennedy_Transmitter'
INFO: [Vivado 12-5682] Launching behavioral simulation in '/home/deck/Documents/Edge_Runner/edge_runners/Vivado/Sims/uart_project.sim/sim_1/behav/xsim'
INFO: [SIM-utils-51] Simulation object is 'sim_1'
INFO: [USF-XSim-2] XSim::Compile design
INFO: [USF-XSim-61] Executing 'COMPILE and ANALYZE' step in '/home/deck/Documents/Edge_Runner/edge_runners/Vivado/Sims/uart_project.sim/sim_1/behav/xsim'
xvlog --incr --relax -L uvm -prj tb_Kennedy_Transmitter_vlog.prj
INFO: [VRFC 10-2263] Analyzing SystemVerilog file "/home/deck/Documents/Edge_Runner/edge_runners/definitions_pkg.sv" into library xil_defaultlib
INFO: [VRFC 10-2263] Analyzing SystemVerilog file "/home/deck/Documents/Edge_Runner/edge_runners/uart/kennedy/Kennedy_Transmitter.sv" into library xil_defaultlib
INFO: [VRFC 10-311] analyzing module Kennedy_Transmitter
INFO: [VRFC 10-2263] Analyzing SystemVerilog file "/home/deck/Documents/Edge_Runner/edge_runners/uart/kennedy/baud_gen.sv" into library xil_defaultlib
INFO: [VRFC 10-311] analyzing module baud_gen
INFO: [VRFC 10-2263] Analyzing SystemVerilog file "/home/deck/Documents/Edge_Runner/edge_runners/uart/kennedy/Testing/Kennedy_transmitter_tb.sv" into library xil_defaultlib
INFO: [VRFC 10-311] analyzing module tb_Kennedy_Transmitter
Waiting for jobs to finish...
No pending jobs, compilation finished.
INFO: [USF-XSim-69] 'compile' step finished in '1' seconds
Command: launch_simulation -step elaborate -simset sim_1 -mode behavioral
INFO: [Vivado 12-12493] Simulation top is 'tb_Kennedy_Transmitter'
INFO: [Vivado 12-5682] Launching behavioral simulation in '/home/deck/Documents/Edge_Runner/edge_runners/Vivado/Sims/uart_project.sim/sim_1/behav/xsim'
INFO: [SIM-utils-51] Simulation object is 'sim_1'
INFO: [USF-XSim-3] XSim::Elaborate design
INFO: [USF-XSim-61] Executing 'ELABORATE' step in '/home/deck/Documents/Edge_Runner/edge_runners/Vivado/Sims/uart_project.sim/sim_1/behav/xsim'
xelab --incr --debug typical --relax --mt 8 -L xil_defaultlib -L uvm -L unisims_ver -L unimacro_ver -L secureip --snapshot tb_Kennedy_Transmitter_behav xil_defaultlib.tb_Kennedy_Transmitter xil_defaultlib.glbl -log elaborate.log
Vivado Simulator v2024.2.0
Copyright 1986-2022 Xilinx, Inc. All Rights Reserved.
Copyright 2022-2024 Advanced Micro Devices, Inc. All Rights Reserved.
Running: /home/deck/xlinx/Vivado/2024.2/bin/unwrapped/lnx64.o/xelab --incr --debug typical --relax --mt 8 -L xil_defaultlib -L uvm -L unisims_ver -L unimacro_ver -L secureip --snapshot tb_Kennedy_Transmitter_behav xil_defaultlib.tb_Kennedy_Transmitter xil_defaultlib.glbl -log elaborate.log 
Using 8 slave threads.
Starting static elaboration
Pass Through NonSizing Optimizer
WARNING: [VRFC 10-3091] actual bit length 32 differs from formal bit length 3 for port 'divisor' [/home/deck/Documents/Edge_Runner/edge_runners/uart/kennedy/Testing/Kennedy_transmitter_tb.sv:31]
Completed static elaboration
Starting simulation data flow analysis
WARNING: [XSIM 43-4100] "/home/deck/Documents/Edge_Runner/edge_runners/Vivado/Sims/uart_project.sim/sim_1/behav/xsim/glbl.v" Line 6. Module glbl has a timescale but at least one module in design doesn't have timescale.
WARNING: [XSIM 43-4100] "/home/deck/Documents/Edge_Runner/edge_runners/Vivado/Sims/uart_project.sim/sim_1/behav/xsim/glbl.v" Line 6. Module glbl has a timescale but at least one module in design doesn't have timescale.
Completed simulation data flow analysis
Time Resolution for simulation is 1ps
Compiling package xil_defaultlib.definitions_pkg
Compiling module xil_defaultlib.Kennedy_Transmitter
Compiling module xil_defaultlib.baud_gen
Compiling module xil_defaultlib.tb_Kennedy_Transmitter
Compiling module xil_defaultlib.glbl
Built simulation snapshot tb_Kennedy_Transmitter_behav
INFO: [USF-XSim-69] 'elaborate' step finished in '2' seconds
Time resolution is 1 ps
relaunch_sim: Time (s): cpu = 00:00:07 ; elapsed = 00:00:07 . Memory (MB): peak = 8054.285 ; gain = 0.000 ; free physical = 566 ; free virtual = 13576
run 10 us
run 10 us
run 10 us
run 10 us
run 10 us
run 10 us
run 10 us
run 10 us
run 10 us
run 10 us
run 10 us
run 10 us
run 10 us
run 10 us
run 10 us
relaunch_sim
Command: launch_simulation -step compile -simset sim_1 -mode behavioral
INFO: [Vivado 12-12493] Simulation top is 'tb_Kennedy_Transmitter'
INFO: [Vivado 12-5682] Launching behavioral simulation in '/home/deck/Documents/Edge_Runner/edge_runners/Vivado/Sims/uart_project.sim/sim_1/behav/xsim'
INFO: [SIM-utils-51] Simulation object is 'sim_1'
INFO: [USF-XSim-2] XSim::Compile design
INFO: [USF-XSim-61] Executing 'COMPILE and ANALYZE' step in '/home/deck/Documents/Edge_Runner/edge_runners/Vivado/Sims/uart_project.sim/sim_1/behav/xsim'
xvlog --incr --relax -L uvm -prj tb_Kennedy_Transmitter_vlog.prj
INFO: [VRFC 10-2263] Analyzing SystemVerilog file "/home/deck/Documents/Edge_Runner/edge_runners/definitions_pkg.sv" into library xil_defaultlib
INFO: [VRFC 10-2263] Analyzing SystemVerilog file "/home/deck/Documents/Edge_Runner/edge_runners/uart/kennedy/Kennedy_Transmitter.sv" into library xil_defaultlib
INFO: [VRFC 10-311] analyzing module Kennedy_Transmitter
INFO: [VRFC 10-2263] Analyzing SystemVerilog file "/home/deck/Documents/Edge_Runner/edge_runners/uart/kennedy/baud_gen.sv" into library xil_defaultlib
INFO: [VRFC 10-311] analyzing module baud_gen
INFO: [VRFC 10-2263] Analyzing SystemVerilog file "/home/deck/Documents/Edge_Runner/edge_runners/uart/kennedy/Testing/Kennedy_transmitter_tb.sv" into library xil_defaultlib
INFO: [VRFC 10-311] analyzing module tb_Kennedy_Transmitter
Waiting for jobs to finish...
No pending jobs, compilation finished.
INFO: [USF-XSim-69] 'compile' step finished in '2' seconds
Command: launch_simulation -step elaborate -simset sim_1 -mode behavioral
INFO: [Vivado 12-12493] Simulation top is 'tb_Kennedy_Transmitter'
INFO: [Vivado 12-5682] Launching behavioral simulation in '/home/deck/Documents/Edge_Runner/edge_runners/Vivado/Sims/uart_project.sim/sim_1/behav/xsim'
INFO: [SIM-utils-51] Simulation object is 'sim_1'
INFO: [USF-XSim-3] XSim::Elaborate design
INFO: [USF-XSim-61] Executing 'ELABORATE' step in '/home/deck/Documents/Edge_Runner/edge_runners/Vivado/Sims/uart_project.sim/sim_1/behav/xsim'
xelab --incr --debug typical --relax --mt 8 -L xil_defaultlib -L uvm -L unisims_ver -L unimacro_ver -L secureip --snapshot tb_Kennedy_Transmitter_behav xil_defaultlib.tb_Kennedy_Transmitter xil_defaultlib.glbl -log elaborate.log
Vivado Simulator v2024.2.0
Copyright 1986-2022 Xilinx, Inc. All Rights Reserved.
Copyright 2022-2024 Advanced Micro Devices, Inc. All Rights Reserved.
Running: /home/deck/xlinx/Vivado/2024.2/bin/unwrapped/lnx64.o/xelab --incr --debug typical --relax --mt 8 -L xil_defaultlib -L uvm -L unisims_ver -L unimacro_ver -L secureip --snapshot tb_Kennedy_Transmitter_behav xil_defaultlib.tb_Kennedy_Transmitter xil_defaultlib.glbl -log elaborate.log 
Using 8 slave threads.
Starting static elaboration
Pass Through NonSizing Optimizer
WARNING: [VRFC 10-3091] actual bit length 32 differs from formal bit length 3 for port 'divisor' [/home/deck/Documents/Edge_Runner/edge_runners/uart/kennedy/Testing/Kennedy_transmitter_tb.sv:31]
Completed static elaboration
Starting simulation data flow analysis
WARNING: [XSIM 43-4100] "/home/deck/Documents/Edge_Runner/edge_runners/Vivado/Sims/uart_project.sim/sim_1/behav/xsim/glbl.v" Line 6. Module glbl has a timescale but at least one module in design doesn't have timescale.
WARNING: [XSIM 43-4100] "/home/deck/Documents/Edge_Runner/edge_runners/Vivado/Sims/uart_project.sim/sim_1/behav/xsim/glbl.v" Line 6. Module glbl has a timescale but at least one module in design doesn't have timescale.
Completed simulation data flow analysis
Time Resolution for simulation is 1ps
Compiling package xil_defaultlib.definitions_pkg
Compiling module xil_defaultlib.Kennedy_Transmitter
Compiling module xil_defaultlib.baud_gen
Compiling module xil_defaultlib.tb_Kennedy_Transmitter
Compiling module xil_defaultlib.glbl
Built simulation snapshot tb_Kennedy_Transmitter_behav
INFO: [USF-XSim-69] 'elaborate' step finished in '2' seconds
Time resolution is 1 ps
relaunch_sim: Time (s): cpu = 00:00:13 ; elapsed = 00:00:07 . Memory (MB): peak = 8071.293 ; gain = 11.004 ; free physical = 682 ; free virtual = 13474
run 10 us
run 10 us
run 10 us
run 10 us
run 10 us
run 10 us
run 10 us
run 10 us
run 10 us
run 10 us
run 10 us
run 10 us
run 10 us
run 10 us
run 10 us
run 10 us
run 10 us
relaunch_sim
Command: launch_simulation -step compile -simset sim_1 -mode behavioral
INFO: [Vivado 12-12493] Simulation top is 'tb_Kennedy_Transmitter'
INFO: [Vivado 12-5682] Launching behavioral simulation in '/home/deck/Documents/Edge_Runner/edge_runners/Vivado/Sims/uart_project.sim/sim_1/behav/xsim'
INFO: [SIM-utils-51] Simulation object is 'sim_1'
INFO: [USF-XSim-2] XSim::Compile design
INFO: [USF-XSim-61] Executing 'COMPILE and ANALYZE' step in '/home/deck/Documents/Edge_Runner/edge_runners/Vivado/Sims/uart_project.sim/sim_1/behav/xsim'
xvlog --incr --relax -L uvm -prj tb_Kennedy_Transmitter_vlog.prj
INFO: [VRFC 10-2263] Analyzing SystemVerilog file "/home/deck/Documents/Edge_Runner/edge_runners/definitions_pkg.sv" into library xil_defaultlib
INFO: [VRFC 10-2263] Analyzing SystemVerilog file "/home/deck/Documents/Edge_Runner/edge_runners/uart/kennedy/Kennedy_Transmitter.sv" into library xil_defaultlib
INFO: [VRFC 10-311] analyzing module Kennedy_Transmitter
INFO: [VRFC 10-2263] Analyzing SystemVerilog file "/home/deck/Documents/Edge_Runner/edge_runners/uart/kennedy/baud_gen.sv" into library xil_defaultlib
INFO: [VRFC 10-311] analyzing module baud_gen
INFO: [VRFC 10-2263] Analyzing SystemVerilog file "/home/deck/Documents/Edge_Runner/edge_runners/uart/kennedy/Testing/Kennedy_transmitter_tb.sv" into library xil_defaultlib
INFO: [VRFC 10-311] analyzing module tb_Kennedy_Transmitter
Waiting for jobs to finish...
No pending jobs, compilation finished.
INFO: [USF-XSim-69] 'compile' step finished in '2' seconds
Command: launch_simulation -step elaborate -simset sim_1 -mode behavioral
INFO: [Vivado 12-12493] Simulation top is 'tb_Kennedy_Transmitter'
INFO: [Vivado 12-5682] Launching behavioral simulation in '/home/deck/Documents/Edge_Runner/edge_runners/Vivado/Sims/uart_project.sim/sim_1/behav/xsim'
INFO: [SIM-utils-51] Simulation object is 'sim_1'
INFO: [USF-XSim-3] XSim::Elaborate design
INFO: [USF-XSim-61] Executing 'ELABORATE' step in '/home/deck/Documents/Edge_Runner/edge_runners/Vivado/Sims/uart_project.sim/sim_1/behav/xsim'
xelab --incr --debug typical --relax --mt 8 -L xil_defaultlib -L uvm -L unisims_ver -L unimacro_ver -L secureip --snapshot tb_Kennedy_Transmitter_behav xil_defaultlib.tb_Kennedy_Transmitter xil_defaultlib.glbl -log elaborate.log
Vivado Simulator v2024.2.0
Copyright 1986-2022 Xilinx, Inc. All Rights Reserved.
Copyright 2022-2024 Advanced Micro Devices, Inc. All Rights Reserved.
Running: /home/deck/xlinx/Vivado/2024.2/bin/unwrapped/lnx64.o/xelab --incr --debug typical --relax --mt 8 -L xil_defaultlib -L uvm -L unisims_ver -L unimacro_ver -L secureip --snapshot tb_Kennedy_Transmitter_behav xil_defaultlib.tb_Kennedy_Transmitter xil_defaultlib.glbl -log elaborate.log 
Using 8 slave threads.
Starting static elaboration
Pass Through NonSizing Optimizer
WARNING: [VRFC 10-3091] actual bit length 32 differs from formal bit length 3 for port 'divisor' [/home/deck/Documents/Edge_Runner/edge_runners/uart/kennedy/Testing/Kennedy_transmitter_tb.sv:31]
Completed static elaboration
Starting simulation data flow analysis
WARNING: [XSIM 43-4100] "/home/deck/Documents/Edge_Runner/edge_runners/Vivado/Sims/uart_project.sim/sim_1/behav/xsim/glbl.v" Line 6. Module glbl has a timescale but at least one module in design doesn't have timescale.
WARNING: [XSIM 43-4100] "/home/deck/Documents/Edge_Runner/edge_runners/Vivado/Sims/uart_project.sim/sim_1/behav/xsim/glbl.v" Line 6. Module glbl has a timescale but at least one module in design doesn't have timescale.
Completed simulation data flow analysis
Time Resolution for simulation is 1ps
Compiling package xil_defaultlib.definitions_pkg
Compiling module xil_defaultlib.Kennedy_Transmitter
Compiling module xil_defaultlib.baud_gen
Compiling module xil_defaultlib.tb_Kennedy_Transmitter
Compiling module xil_defaultlib.glbl
Built simulation snapshot tb_Kennedy_Transmitter_behav
INFO: [USF-XSim-69] 'elaborate' step finished in '3' seconds
Time resolution is 1 ps
relaunch_sim: Time (s): cpu = 00:00:06 ; elapsed = 00:00:07 . Memory (MB): peak = 8087.328 ; gain = 0.000 ; free physical = 675 ; free virtual = 13546
run 10 us
run 10 us
run 10 us
run 10 us
run 10 us
run 10 us
run 10 us
run 10 us
run 10 us
run 10 us
run 10 us
run 10 us
run 10 us
run 10 us
run 10 us
run 10 us
run 10 us
run 10 us
run 10 us
run 10 us
run 10 us
run 10 us
run 10 us
run 10 us
run 10 us
run 10 us
run 10 us
run 10 us
run 10 us
run 10 us
run 10 us
run 10 us
run 10 us
run 10 us
run 10 us
run 10 us
run 10 us
run 10 us
run 10 us
run 10 us
run 10 us
run 10 us
run 10 us
run 10 us
run 10 us
run 10 us
run 10 us
run 10 us
run 10 us
run 10 us
run 10 us
run 10 us
run 10 us
run 10 us
run 10 us
run 10 us
run 10 us
run 10 us
run 10 us
run 10 us
run 10 us
run 10 us
run 10 us
run 10 us
run 10 us
Test passed: Transmitted data 78
$finish called at time : 649950 ns : File "/home/deck/Documents/Edge_Runner/edge_runners/uart/kennedy/Testing/Kennedy_transmitter_tb.sv" Line 75
close_sim
INFO: [Simtcl 6-16] Simulation closed
exit
INFO: [Common 17-206] Exiting Vivado at Fri Mar 21 17:32:34 2025...
