#-----------------------------------------------------------
# Vivado v2024.2 (64-bit)
# SW Build 5239630 on Fri Nov 08 22:34:34 MST 2024
# IP Build 5239520 on Sun Nov 10 16:12:51 MST 2024
# SharedData Build 5239561 on Fri Nov 08 14:39:27 MST 2024
# Start of session at: Thu Mar 20 21:32:22 2025
# Process ID         : 327077
# Current directory  : /home/deck/Documents/Edge_Runner/edge_runners
# Command line       : vivado -mode tcl
# Log file           : /home/deck/Documents/Edge_Runner/edge_runners/vivado.log
# Journal file       : /home/deck/Documents/Edge_Runner/edge_runners/vivado.jou
# Running On         : steamdeck
# Platform           : SteamOS
# Operating System   : SteamOS Holo
# Processor Detail   : AMD Custom APU 0405
# CPU Frequency      : 1836.810 MHz
# CPU Physical cores : 4
# CPU Logical cores  : 8
# Host memory        : 15531 MB
# Swap memory        : 8839 MB
# Total Virtual      : 24371 MB
# Available Virtual  : 9527 MB
#-----------------------------------------------------------
source /home/deck/Documents/Edge_Runner/edge_runners/simulation/Receiver.tcl
# exec mkdir -p Vivado/Journals
# exec mkdir -p Vivado/Logs
# create_project -force uart_project Vivado/Sims -part xc7z020clg484-1
# add_files /home/deck/Documents/Edge_Runner/edge_runners/definitions_pkg.sv
# add_files /home/deck/Documents/Edge_Runner/edge_runners/uart/kennedy/baud_gen.sv
# add_files /home/deck/Documents/Edge_Runner/edge_runners/uart/kennedy/Divisor.sv
# add_files /home/deck/Documents/Edge_Runner/edge_runners/uart/kennedy/FIFO.sv
# add_files /home/deck/Documents/Edge_Runner/edge_runners/uart/kennedy/Kennedy_receiver.sv
# add_files /home/deck/Documents/Edge_Runner/edge_runners/uart/kennedy/Kennedy_Transmitter.sv
# add_files /home/deck/Documents/Edge_Runner/edge_runners/uart/kennedy/Mensah_UART.sv
# add_files /home/deck/Documents/Edge_Runner/edge_runners/uart/kennedy/Testing/Kennedy_receiver_tb.sv
# exec mkdir -p Vivado/Sims/uart_project.sim/sim_1/behav/xsim/
# exec cp -r /home/deck/Documents/Edge_Runner/edge_runners/uart/kennedy/Testing Vivado/Sims/uart_project.sim/sim_1/behav/xsim/
# set_property directory Vivado/Sims [get_filesets sim_1]
# set_property top tb_Kennedy_Receiver [get_filesets sim_1]
# launch_simulation
Command: launch_simulation 
INFO: [Vivado 12-12493] Simulation top is 'tb_Kennedy_Receiver'
INFO: [Vivado 12-5682] Launching behavioral simulation in '/home/deck/Documents/Edge_Runner/edge_runners/Vivado/Sims/uart_project.sim/sim_1/behav/xsim'
INFO: [SIM-utils-51] Simulation object is 'sim_1'
INFO: [SIM-utils-72] Using boost library from '/home/deck/xlinx/Vivado/2024.2/tps/boost_1_72_0'
INFO: [SIM-utils-54] Inspecting design source files for 'tb_Kennedy_Receiver' in fileset 'sim_1'...
INFO: [USF-XSim-97] Finding global include files...
INFO: [USF-XSim-98] Fetching design files from 'sim_1'...
INFO: [USF-XSim-2] XSim::Compile design
INFO: [USF-XSim-61] Executing 'COMPILE and ANALYZE' step in '/home/deck/Documents/Edge_Runner/edge_runners/Vivado/Sims/uart_project.sim/sim_1/behav/xsim'
xvlog --incr --relax -L uvm -prj tb_Kennedy_Receiver_vlog.prj
INFO: [VRFC 10-2263] Analyzing SystemVerilog file "/home/deck/Documents/Edge_Runner/edge_runners/definitions_pkg.sv" into library xil_defaultlib
INFO: [VRFC 10-2263] Analyzing SystemVerilog file "/home/deck/Documents/Edge_Runner/edge_runners/uart/kennedy/Kennedy_receiver.sv" into library xil_defaultlib
INFO: [VRFC 10-311] analyzing module Kennedy_Receiver
INFO: [VRFC 10-2263] Analyzing SystemVerilog file "/home/deck/Documents/Edge_Runner/edge_runners/uart/kennedy/baud_gen.sv" into library xil_defaultlib
INFO: [VRFC 10-311] analyzing module baud_gen
INFO: [VRFC 10-2263] Analyzing SystemVerilog file "/home/deck/Documents/Edge_Runner/edge_runners/uart/kennedy/Testing/Kennedy_receiver_tb.sv" into library xil_defaultlib
INFO: [VRFC 10-311] analyzing module tb_Kennedy_Receiver
INFO: [VRFC 10-2263] Analyzing Verilog file "/home/deck/Documents/Edge_Runner/edge_runners/Vivado/Sims/uart_project.sim/sim_1/behav/xsim/glbl.v" into library xil_defaultlib
INFO: [VRFC 10-311] analyzing module glbl
Waiting for jobs to finish...
No pending jobs, compilation finished.
INFO: [USF-XSim-69] 'compile' step finished in '2' seconds
INFO: [USF-XSim-3] XSim::Elaborate design
INFO: [USF-XSim-61] Executing 'ELABORATE' step in '/home/deck/Documents/Edge_Runner/edge_runners/Vivado/Sims/uart_project.sim/sim_1/behav/xsim'
xelab --incr --debug typical --relax --mt 8 -L xil_defaultlib -L uvm -L unisims_ver -L unimacro_ver -L secureip --snapshot tb_Kennedy_Receiver_behav xil_defaultlib.tb_Kennedy_Receiver xil_defaultlib.glbl -log elaborate.log
Vivado Simulator v2024.2.0
Copyright 1986-2022 Xilinx, Inc. All Rights Reserved.
Copyright 2022-2024 Advanced Micro Devices, Inc. All Rights Reserved.
Running: /home/deck/xlinx/Vivado/2024.2/bin/unwrapped/lnx64.o/xelab --incr --debug typical --relax --mt 8 -L xil_defaultlib -L uvm -L unisims_ver -L unimacro_ver -L secureip --snapshot tb_Kennedy_Receiver_behav xil_defaultlib.tb_Kennedy_Receiver xil_defaultlib.glbl -log elaborate.log 
Using 8 slave threads.
Starting static elaboration
Pass Through NonSizing Optimizer
WARNING: [VRFC 10-3091] actual bit length 32 differs from formal bit length 3 for port 'divisor' [/home/deck/Documents/Edge_Runner/edge_runners/uart/kennedy/Testing/Kennedy_receiver_tb.sv:29]
Completed static elaboration
Starting simulation data flow analysis
WARNING: [XSIM 43-4100] "/home/deck/Documents/Edge_Runner/edge_runners/Vivado/Sims/uart_project.sim/sim_1/behav/xsim/glbl.v" Line 6. Module glbl has a timescale but at least one module in design doesn't have timescale.
WARNING: [XSIM 43-4100] "/home/deck/Documents/Edge_Runner/edge_runners/Vivado/Sims/uart_project.sim/sim_1/behav/xsim/glbl.v" Line 6. Module glbl has a timescale but at least one module in design doesn't have timescale.
Completed simulation data flow analysis
Time Resolution for simulation is 1ps
Compiling package xil_defaultlib.definitions_pkg
Compiling module xil_defaultlib.Kennedy_Receiver
Compiling module xil_defaultlib.baud_gen
Compiling module xil_defaultlib.tb_Kennedy_Receiver
Compiling module xil_defaultlib.glbl
Built simulation snapshot tb_Kennedy_Receiver_behav
INFO: [USF-XSim-69] 'elaborate' step finished in '2' seconds
INFO: [USF-XSim-4] XSim::Simulate design
INFO: [USF-XSim-61] Executing 'SIMULATE' step in '/home/deck/Documents/Edge_Runner/edge_runners/Vivado/Sims/uart_project.sim/sim_1/behav/xsim'
INFO: [USF-XSim-98] *** Running xsim
   with args "tb_Kennedy_Receiver_behav -key {Behavioral:sim_1:Functional:tb_Kennedy_Receiver} -tclbatch {tb_Kennedy_Receiver.tcl} -log {simulate.log}"
INFO: [USF-XSim-8] Loading simulator feature
Time resolution is 1 ps
source tb_Kennedy_Receiver.tcl
## set curr_wave [current_wave_config]
## if { [string length $curr_wave] == 0 } {
##   if { [llength [get_objects]] > 0} {
##     add_wave /
##     set_property needs_save false [current_wave_config]
##   } else {
##      send_msg_id Add_Wave-1 WARNING "No top level signals found. Simulator will start without a wave window. If you want to open a wave window go to 'File->New Waveform Configuration' or type 'create_wave_config' in the TCL console."
##   }
## }
## run 1000ns
INFO: [USF-XSim-96] XSim completed. Design snapshot 'tb_Kennedy_Receiver_behav' loaded.
INFO: [USF-XSim-97] XSim simulation ran for 1000ns
launch_simulation: Time (s): cpu = 00:00:07 ; elapsed = 00:00:10 . Memory (MB): peak = 1427.055 ; gain = 61.316 ; free physical = 2044 ; free virtual = 8793
# run 150000ns
# set backup_folder "/home/deck/Documents/Edge_Runner/edge_runners/Backups_logs_journals"
# exec mkdir -p $backup_folder
# exec bash -c "find . -name \"*.backup.log\" | xargs -r mv -t $backup_folder"
mv: './Backups_logs_journals/vivado_284388.backup.log' and '/home/deck/Documents/Edge_Runner/edge_runners/Backups_logs_journals/vivado_284388.backup.log' are the same file
    while executing
"exec bash -c "find . -name \"*.backup.log\" | xargs -r mv -t $backup_folder""
    (file "/home/deck/Documents/Edge_Runner/edge_runners/simulation/Receiver.tcl" line 41)
source /home/deck/Documents/Edge_Runner/edge_runners/simulation/Receiver.tcl
# exec mkdir -p Vivado/Journals
# exec mkdir -p Vivado/Logs
# create_project -force uart_project Vivado/Sims -part xc7z020clg484-1
ERROR: [Coretcl 2-99] Project uart_project is currently open. Please close the project before executing this command
close_project
source /home/deck/Documents/Edge_Runner/edge_runners/simulation/Receiver.tcl
# exec mkdir -p Vivado/Journals
# exec mkdir -p Vivado/Logs
# create_project -force uart_project Vivado/Sims -part xc7z020clg484-1
# add_files /home/deck/Documents/Edge_Runner/edge_runners/definitions_pkg.sv
# add_files /home/deck/Documents/Edge_Runner/edge_runners/uart/kennedy/baud_gen.sv
# add_files /home/deck/Documents/Edge_Runner/edge_runners/uart/kennedy/Divisor.sv
# add_files /home/deck/Documents/Edge_Runner/edge_runners/uart/kennedy/FIFO.sv
# add_files /home/deck/Documents/Edge_Runner/edge_runners/uart/kennedy/Kennedy_receiver.sv
# add_files /home/deck/Documents/Edge_Runner/edge_runners/uart/kennedy/Kennedy_Transmitter.sv
# add_files /home/deck/Documents/Edge_Runner/edge_runners/uart/kennedy/Mensah_UART.sv
# add_files /home/deck/Documents/Edge_Runner/edge_runners/uart/kennedy/Testing/Kennedy_receiver_tb.sv
# exec mkdir -p Vivado/Sims/uart_project.sim/sim_1/behav/xsim/
# exec cp -r /home/deck/Documents/Edge_Runner/edge_runners/uart/kennedy/Testing Vivado/Sims/uart_project.sim/sim_1/behav/xsim/
# set_property directory Vivado/Sims [get_filesets sim_1]
# set_property top tb_Kennedy_Receiver [get_filesets sim_1]
# launch_simulation
Command: launch_simulation 
INFO: [Vivado 12-12493] Simulation top is 'tb_Kennedy_Receiver'
ERROR: [Vivado 12-1501] Simulator for snapshot 'Behavioral:sim_1:Functional:tb_Kennedy_Receiver' is already running. To launch simulation, change the snapshot name in the simulation fileset settings or close the current simulation.
close_sim
INFO: [Simtcl 6-16] Simulation closed
source /home/deck/Documents/Edge_Runner/edge_runners/simulation/Receiver.tcl
# exec mkdir -p Vivado/Journals
# exec mkdir -p Vivado/Logs
# create_project -force uart_project Vivado/Sims -part xc7z020clg484-1
ERROR: [Coretcl 2-99] Project uart_project is currently open. Please close the project before executing this command
close_project
close_project -force
ERROR: [Common 17-170] Unknown option '-force', please type 'close_project -help' for usage info.
close_project
ERROR: [Common 17-53] User Exception: No open project. Please create or open a project before executing this command.
source /home/deck/Documents/Edge_Runner/edge_runners/simulation/Receiver.tcl
# exec mkdir -p Vivado/Journals
# exec mkdir -p Vivado/Logs
# create_project -force uart_project Vivado/Sims -part xc7z020clg484-1
# add_files /home/deck/Documents/Edge_Runner/edge_runners/definitions_pkg.sv
# add_files /home/deck/Documents/Edge_Runner/edge_runners/uart/kennedy/baud_gen.sv
# add_files /home/deck/Documents/Edge_Runner/edge_runners/uart/kennedy/Divisor.sv
# add_files /home/deck/Documents/Edge_Runner/edge_runners/uart/kennedy/FIFO.sv
# add_files /home/deck/Documents/Edge_Runner/edge_runners/uart/kennedy/Kennedy_receiver.sv
# add_files /home/deck/Documents/Edge_Runner/edge_runners/uart/kennedy/Kennedy_Transmitter.sv
# add_files /home/deck/Documents/Edge_Runner/edge_runners/uart/kennedy/Mensah_UART.sv
# add_files /home/deck/Documents/Edge_Runner/edge_runners/uart/kennedy/Testing/Kennedy_receiver_tb.sv
# exec mkdir -p Vivado/Sims/uart_project.sim/sim_1/behav/xsim/
# exec cp -r /home/deck/Documents/Edge_Runner/edge_runners/uart/kennedy/Testing Vivado/Sims/uart_project.sim/sim_1/behav/xsim/
# set_property directory Vivado/Sims [get_filesets sim_1]
# set_property top tb_Kennedy_Receiver [get_filesets sim_1]
# launch_simulation
Command: launch_simulation 
INFO: [Vivado 12-12493] Simulation top is 'tb_Kennedy_Receiver'
INFO: [Vivado 12-5682] Launching behavioral simulation in '/home/deck/Documents/Edge_Runner/edge_runners/Vivado/Sims/uart_project.sim/sim_1/behav/xsim'
INFO: [SIM-utils-51] Simulation object is 'sim_1'
INFO: [SIM-utils-72] Using boost library from '/home/deck/xlinx/Vivado/2024.2/tps/boost_1_72_0'
INFO: [SIM-utils-54] Inspecting design source files for 'tb_Kennedy_Receiver' in fileset 'sim_1'...
INFO: [USF-XSim-97] Finding global include files...
INFO: [USF-XSim-98] Fetching design files from 'sim_1'...
INFO: [USF-XSim-2] XSim::Compile design
INFO: [USF-XSim-61] Executing 'COMPILE and ANALYZE' step in '/home/deck/Documents/Edge_Runner/edge_runners/Vivado/Sims/uart_project.sim/sim_1/behav/xsim'
xvlog --incr --relax -L uvm -prj tb_Kennedy_Receiver_vlog.prj
INFO: [VRFC 10-2263] Analyzing SystemVerilog file "/home/deck/Documents/Edge_Runner/edge_runners/definitions_pkg.sv" into library xil_defaultlib
INFO: [VRFC 10-2263] Analyzing SystemVerilog file "/home/deck/Documents/Edge_Runner/edge_runners/uart/kennedy/Kennedy_receiver.sv" into library xil_defaultlib
INFO: [VRFC 10-311] analyzing module Kennedy_Receiver
INFO: [VRFC 10-2263] Analyzing SystemVerilog file "/home/deck/Documents/Edge_Runner/edge_runners/uart/kennedy/baud_gen.sv" into library xil_defaultlib
INFO: [VRFC 10-311] analyzing module baud_gen
INFO: [VRFC 10-2263] Analyzing SystemVerilog file "/home/deck/Documents/Edge_Runner/edge_runners/uart/kennedy/Testing/Kennedy_receiver_tb.sv" into library xil_defaultlib
INFO: [VRFC 10-311] analyzing module tb_Kennedy_Receiver
INFO: [VRFC 10-2263] Analyzing Verilog file "/home/deck/Documents/Edge_Runner/edge_runners/Vivado/Sims/uart_project.sim/sim_1/behav/xsim/glbl.v" into library xil_defaultlib
INFO: [VRFC 10-311] analyzing module glbl
Waiting for jobs to finish...
No pending jobs, compilation finished.
INFO: [USF-XSim-69] 'compile' step finished in '2' seconds
INFO: [USF-XSim-3] XSim::Elaborate design
INFO: [USF-XSim-61] Executing 'ELABORATE' step in '/home/deck/Documents/Edge_Runner/edge_runners/Vivado/Sims/uart_project.sim/sim_1/behav/xsim'
xelab --incr --debug typical --relax --mt 8 -L xil_defaultlib -L uvm -L unisims_ver -L unimacro_ver -L secureip --snapshot tb_Kennedy_Receiver_behav xil_defaultlib.tb_Kennedy_Receiver xil_defaultlib.glbl -log elaborate.log
Vivado Simulator v2024.2.0
Copyright 1986-2022 Xilinx, Inc. All Rights Reserved.
Copyright 2022-2024 Advanced Micro Devices, Inc. All Rights Reserved.
Running: /home/deck/xlinx/Vivado/2024.2/bin/unwrapped/lnx64.o/xelab --incr --debug typical --relax --mt 8 -L xil_defaultlib -L uvm -L unisims_ver -L unimacro_ver -L secureip --snapshot tb_Kennedy_Receiver_behav xil_defaultlib.tb_Kennedy_Receiver xil_defaultlib.glbl -log elaborate.log 
Using 8 slave threads.
Starting static elaboration
Pass Through NonSizing Optimizer
WARNING: [VRFC 10-3091] actual bit length 32 differs from formal bit length 3 for port 'divisor' [/home/deck/Documents/Edge_Runner/edge_runners/uart/kennedy/Testing/Kennedy_receiver_tb.sv:29]
Completed static elaboration
Starting simulation data flow analysis
WARNING: [XSIM 43-4100] "/home/deck/Documents/Edge_Runner/edge_runners/Vivado/Sims/uart_project.sim/sim_1/behav/xsim/glbl.v" Line 6. Module glbl has a timescale but at least one module in design doesn't have timescale.
WARNING: [XSIM 43-4100] "/home/deck/Documents/Edge_Runner/edge_runners/Vivado/Sims/uart_project.sim/sim_1/behav/xsim/glbl.v" Line 6. Module glbl has a timescale but at least one module in design doesn't have timescale.
Completed simulation data flow analysis
Time Resolution for simulation is 1ps
Compiling package xil_defaultlib.definitions_pkg
Compiling module xil_defaultlib.Kennedy_Receiver
Compiling module xil_defaultlib.baud_gen
Compiling module xil_defaultlib.tb_Kennedy_Receiver
Compiling module xil_defaultlib.glbl
Built simulation snapshot tb_Kennedy_Receiver_behav
INFO: [USF-XSim-69] 'elaborate' step finished in '2' seconds
INFO: [USF-XSim-4] XSim::Simulate design
INFO: [USF-XSim-61] Executing 'SIMULATE' step in '/home/deck/Documents/Edge_Runner/edge_runners/Vivado/Sims/uart_project.sim/sim_1/behav/xsim'
INFO: [USF-XSim-98] *** Running xsim
   with args "tb_Kennedy_Receiver_behav -key {Behavioral:sim_1:Functional:tb_Kennedy_Receiver} -tclbatch {tb_Kennedy_Receiver.tcl} -log {simulate.log}"
INFO: [USF-XSim-8] Loading simulator feature
Time resolution is 1 ps
source tb_Kennedy_Receiver.tcl
## set curr_wave [current_wave_config]
## if { [string length $curr_wave] == 0 } {
##   if { [llength [get_objects]] > 0} {
##     add_wave /
##     set_property needs_save false [current_wave_config]
##   } else {
##      send_msg_id Add_Wave-1 WARNING "No top level signals found. Simulator will start without a wave window. If you want to open a wave window go to 'File->New Waveform Configuration' or type 'create_wave_config' in the TCL console."
##   }
## }
## run 1000ns
INFO: [USF-XSim-96] XSim completed. Design snapshot 'tb_Kennedy_Receiver_behav' loaded.
INFO: [USF-XSim-97] XSim simulation ran for 1000ns
launch_simulation: Time (s): cpu = 00:00:07 ; elapsed = 00:00:09 . Memory (MB): peak = 1427.055 ; gain = 0.000 ; free physical = 1765 ; free virtual = 8728
# run 150000ns
# puts "Simulation complete. Results available in Vivado/Sims"
Simulation complete. Results available in Vivado/Sims
# puts "All backup log and journal files have been moved to $backup_folder"
All backup log and journal files have been moved to /home/deck/Documents/Edge_Runner/edge_runners/Backups_logs_journals
# puts -nonewline "Would you like to open the waveform viewer? (y/n): "
Would you like to open the waveform viewer? (y/n): # flush stdout
# gets stdin response
# if {[string tolower $response] == "y" || [string tolower $response] == "yes"} {
#     # Open the waveform viewer
#     if {[file exists [current_sim]/xsim.wdb]} {
#         open_wave_database [current_sim]/xsim.wdb
#         display_wave -open_wave_config {}
#         puts "Waveform viewer opened successfully."
#     } else {
#         puts "Error: Waveform database file not found."
#     }
# }
Error: Waveform database file not found.
# puts "Script completed. You can now enter additional commands."
Script completed. You can now enter additional commands.
