Vivado Simulator v2024.2.0
Copyright 1986-2022 Xilinx, Inc. All Rights Reserved.
Copyright 2022-2024 Advanced Micro Devices, Inc. All Rights Reserved.
Running: /home/deck/xlinx/Vivado/2024.2/bin/unwrapped/lnx64.o/xelab --incr --debug typical --relax --mt 8 -L xil_defaultlib -L uvm -L unisims_ver -L unimacro_ver -L secureip --snapshot nms_tb_behav xil_defaultlib.nms_tb xil_defaultlib.glbl -log elaborate.log 
Using 8 slave threads.
Starting static elaboration
Pass Through NonSizing Optimizer
Completed static elaboration
Starting simulation data flow analysis
WARNING: [XSIM 43-4100] "/home/deck/Documents/Edge_Runner/edge_runners/testBench/non_max_suppression_tb.sv" Line 3. Module nms_tb has a timescale but at least one module in design doesn't have timescale.
WARNING: [XSIM 43-4100] "/home/deck/Documents/Edge_Runner/edge_runners/testBench/non_max_suppression_tb.sv" Line 3. Module nms_tb has a timescale but at least one module in design doesn't have timescale.
WARNING: [XSIM 43-4100] "/home/deck/Documents/Edge_Runner/edge_runners/Vivado/Sims/nms_project.sim/sim_1/behav/xsim/glbl.v" Line 6. Module glbl has a timescale but at least one module in design doesn't have timescale.
WARNING: [XSIM 43-4100] "/home/deck/Documents/Edge_Runner/edge_runners/Vivado/Sims/nms_project.sim/sim_1/behav/xsim/glbl.v" Line 6. Module glbl has a timescale but at least one module in design doesn't have timescale.
Completed simulation data flow analysis
Time Resolution for simulation is 1ps
Compiling package xil_defaultlib.definitions_pkg
Compiling module xil_defaultlib.line_buffer
Compiling module xil_defaultlib.pixel_loader
Compiling module xil_defaultlib.gaussian_filter
Compiling module xil_defaultlib.sqrt_22b
Compiling module xil_defaultlib.arc_tan
Compiling module xil_defaultlib.gradient_calculation
Compiling module xil_defaultlib.line_buffer(SIZE=11)
Compiling module xil_defaultlib.pixel_loader(ITEM_SIZE=11)
Compiling module xil_defaultlib.line_buffer(SIZE=2)
Compiling module xil_defaultlib.pixel_loader(ITEM_SIZE=2)
Compiling module xil_defaultlib.Non_Max_Suppresion
Compiling module xil_defaultlib.nms_tb
Compiling module xil_defaultlib.glbl
Built simulation snapshot nms_tb_behav
