#-----------------------------------------------------------
# Vivado v2024.2 (64-bit)
# SW Build 5239630 on Fri Nov 08 22:34:34 MST 2024
# IP Build 5239520 on Sun Nov 10 16:12:51 MST 2024
# SharedData Build 5239561 on Fri Nov 08 14:39:27 MST 2024
# Start of session at: Thu Mar 20 17:09:27 2025
# Process ID         : 273779
# Current directory  : /home/deck/Documents/Edge_Runner/edge_runners
# Command line       : vivado -mode batch -source simulation/uart_Vivado.tcl -journal Vivado/Journals/vivado.jou -log Vivado/Logs/vivado.log
# Log file           : /home/deck/Documents/Edge_Runner/edge_runners/Vivado/Logs/vivado.log
# Journal file       : /home/deck/Documents/Edge_Runner/edge_runners/Vivado/Journals/vivado.jou
# Running On         : steamdeck
# Platform           : SteamOS
# Operating System   : SteamOS Holo
# Processor Detail   : AMD Custom APU 0405
# CPU Frequency      : 3499.873 MHz
# CPU Physical cores : 4
# CPU Logical cores  : 8
# Host memory        : 15531 MB
# Swap memory        : 8839 MB
# Total Virtual      : 24371 MB
# Available Virtual  : 10845 MB
#-----------------------------------------------------------
source simulation/uart_Vivado.tcl
# exec mkdir -p Vivado/Journals
# exec mkdir -p Vivado/Logs
# create_project -force uart_project Vivado/Sims -part xc7z020clg484-1
# add_files /home/deck/Documents/Edge_Runner/edge_runners/definitions_pkg.sv
# add_files /home/deck/Documents/Edge_Runner/edge_runners/uart/kennedy/baud_gen.sv
# add_files /home/deck/Documents/Edge_Runner/edge_runners/uart/kennedy/Divisor.sv
# add_files /home/deck/Documents/Edge_Runner/edge_runners/uart/kennedy/FIFO.sv
# add_files /home/deck/Documents/Edge_Runner/edge_runners/uart/kennedy/Kennedy_receiver.sv
# add_files /home/deck/Documents/Edge_Runner/edge_runners/uart/kennedy/Kennedy_Transmitter.sv
# add_files /home/deck/Documents/Edge_Runner/edge_runners/uart/kennedy/Mensah_UART.sv
# add_files /home/deck/Documents/Edge_Runner/edge_runners/uart/kennedy/Testing/Test_UART_tb.sv
# exec mkdir -p Vivado/Sims/uart_project.sim/sim_1/behav/xsim/
# set_property directory Vivado/Sims [get_filesets sim_1]
# set_property top Test_UART_tb [get_filesets sim_1]
# launch_simulation
Command: launch_simulation 
INFO: [Vivado 12-12493] Simulation top is 'Test_UART_tb'
INFO: [Vivado 12-5682] Launching behavioral simulation in '/home/deck/Documents/Edge_Runner/edge_runners/Vivado/Sims/uart_project.sim/sim_1/behav/xsim'
INFO: [SIM-utils-51] Simulation object is 'sim_1'
INFO: [SIM-utils-72] Using boost library from '/home/deck/xlinx/Vivado/2024.2/tps/boost_1_72_0'
INFO: [SIM-utils-54] Inspecting design source files for 'Test_UART_tb' in fileset 'sim_1'...
INFO: [USF-XSim-97] Finding global include files...
INFO: [USF-XSim-98] Fetching design files from 'sim_1'...
INFO: [Vivado 12-5357] 'setup' step aborted
launch_simulation: Time (s): cpu = 00:00:06 ; elapsed = 00:00:06 . Memory (MB): peak = 1373.746 ; gain = 8.008 ; free physical = 2323 ; free virtual = 10020
INFO: [Common 17-344] 'source' was cancelled
INFO: [Common 17-206] Exiting Vivado at Thu Mar 20 17:09:38 2025...
