#-----------------------------------------------------------
# Vivado v2024.2 (64-bit)
# SW Build 5239630 on Fri Nov 08 22:34:34 MST 2024
# IP Build 5239520 on Sun Nov 10 16:12:51 MST 2024
# SharedData Build 5239561 on Fri Nov 08 14:39:27 MST 2024
# Start of session at: Thu Mar 20 16:37:08 2025
# Process ID         : 267165
# Current directory  : /home/deck/Documents/Edge_Runner/edge_runners
# Command line       : vivado -mode tcl
# Log file           : /home/deck/Documents/Edge_Runner/edge_runners/vivado.log
# Journal file       : /home/deck/Documents/Edge_Runner/edge_runners/vivado.jou
# Running On         : steamdeck
# Platform           : SteamOS
# Operating System   : SteamOS Holo
# Processor Detail   : AMD Custom APU 0405
# CPU Frequency      : 3334.428 MHz
# CPU Physical cores : 4
# CPU Logical cores  : 8
# Host memory        : 15531 MB
# Swap memory        : 8839 MB
# Total Virtual      : 24371 MB
# Available Virtual  : 10492 MB
#-----------------------------------------------------------
open_vcd Vivado/Sims/uart_project.sim/sim_1/behav/xsim/uart_waveform.vcd
ERROR: [Simulator 45-6] No active Vivado Simulator simulation.  To use this command you must first start a simulation using Vivado Simulator.
source -uart_Vivado.tcl
ERROR: [Common 17-170] Unknown option '-uart_Vivado.tcl', please type 'source -help' for usage info.
-source uart_Vivado.tcl
invalid command name "-source"
-source uart_Vivado.tcl
invalid command name "-source"
invalid command name "-source"
exit
INFO: [Common 17-206] Exiting Vivado at Thu Mar 20 16:40:38 2025...
