#-----------------------------------------------------------
# Vivado v2024.2 (64-bit)
# SW Build 5239630 on Fri Nov 08 22:34:34 MST 2024
# IP Build 5239520 on Sun Nov 10 16:12:51 MST 2024
# SharedData Build 5239561 on Fri Nov 08 14:39:27 MST 2024
# Start of session at: Tue Mar 18 19:39:56 2025
# Process ID         : 64344
# Current directory  : /home/deck/Documents/Edge_Runner/edge_runners
# Command line       : vivado -mode batch -source simulation/create_vivado_project.tcl -journal Vivado/Journals/vivado.jou -log Vivado/Logs/vivado.log
# Log file           : /home/deck/Documents/Edge_Runner/edge_runners/Vivado/Logs/vivado.log
# Journal file       : /home/deck/Documents/Edge_Runner/edge_runners/Vivado/Journals/vivado.jou
# Running On         : steamdeck
# Platform           : SteamOS
# Operating System   : SteamOS Holo
# Processor Detail   : AMD Custom APU 0405
# CPU Frequency      : 3499.591 MHz
# CPU Physical cores : 4
# CPU Logical cores  : 8
# Host memory        : 15531 MB
# Swap memory        : 8839 MB
# Total Virtual      : 24371 MB
# Available Virtual  : 9576 MB
#-----------------------------------------------------------
source simulation/create_vivado_project.tcl
# create_project -force nms_project Vivado/Sims -part xc7z020clg484-1
# add_files /home/deck/Documents/Edge_Runner/edge_runners/testBench/non_max_suppression_tb.sv
# add_files /home/deck/Documents/Edge_Runner/edge_runners/Non_Max_Suppresion.sv
# add_files /home/deck/Documents/Edge_Runner/edge_runners/pixel_loader.sv
# add_files /home/deck/Documents/Edge_Runner/edge_runners/gaussian_filter.sv
# add_files /home/deck/Documents/Edge_Runner/edge_runners/gradient_calculation.sv
# add_files /home/deck/Documents/Edge_Runner/edge_runners/definitions_pkg.sv
# add_files /home/deck/Documents/Edge_Runner/edge_runners/line_buffer.sv
# add_files /home/deck/Documents/Edge_Runner/edge_runners/sqrt_22b.sv
# add_files /home/deck/Documents/Edge_Runner/edge_runners/arc_tan.sv
# exec mkdir -p Vivado/Sims/nms_project.sim/sim_1/behav/xsim/
# exec cp -r testImages/images_binary Vivado/Sims/nms_project.sim/sim_1/behav/xsim/testImages/
# exec cp -r testImages/output_binary Vivado/Sims/nms_project.sim/sim_1/behav/xsim/testImages/
# set_property directory Vivado/Sims [get_filesets sim_1]
# set_property top nms_tb [get_filesets sim_1]
# launch_simulation
Command: launch_simulation 
INFO: [Vivado 12-12493] Simulation top is 'nms_tb'
INFO: [Vivado 12-5682] Launching behavioral simulation in '/home/deck/Documents/Edge_Runner/edge_runners/Vivado/Sims/nms_project.sim/sim_1/behav/xsim'
INFO: [SIM-utils-51] Simulation object is 'sim_1'
INFO: [SIM-utils-72] Using boost library from '/home/deck/xlinx/Vivado/2024.2/tps/boost_1_72_0'
INFO: [SIM-utils-54] Inspecting design source files for 'nms_tb' in fileset 'sim_1'...
INFO: [USF-XSim-97] Finding global include files...
INFO: [USF-XSim-98] Fetching design files from 'sim_1'...
INFO: [USF-XSim-2] XSim::Compile design
INFO: [USF-XSim-61] Executing 'COMPILE and ANALYZE' step in '/home/deck/Documents/Edge_Runner/edge_runners/Vivado/Sims/nms_project.sim/sim_1/behav/xsim'
xvlog --incr --relax -L uvm -prj nms_tb_vlog.prj
INFO: [VRFC 10-2263] Analyzing SystemVerilog file "/home/deck/Documents/Edge_Runner/edge_runners/Non_Max_Suppresion.sv" into library xil_defaultlib
INFO: [VRFC 10-311] analyzing module Non_Max_Suppresion
INFO: [VRFC 10-2263] Analyzing SystemVerilog file "/home/deck/Documents/Edge_Runner/edge_runners/arc_tan.sv" into library xil_defaultlib
INFO: [VRFC 10-311] analyzing module arc_tan
INFO: [VRFC 10-2263] Analyzing SystemVerilog file "/home/deck/Documents/Edge_Runner/edge_runners/definitions_pkg.sv" into library xil_defaultlib
INFO: [VRFC 10-2263] Analyzing SystemVerilog file "/home/deck/Documents/Edge_Runner/edge_runners/gaussian_filter.sv" into library xil_defaultlib
INFO: [VRFC 10-311] analyzing module gaussian_filter
INFO: [VRFC 10-2263] Analyzing SystemVerilog file "/home/deck/Documents/Edge_Runner/edge_runners/gradient_calculation.sv" into library xil_defaultlib
INFO: [VRFC 10-311] analyzing module gradient_calculation
INFO: [VRFC 10-2263] Analyzing SystemVerilog file "/home/deck/Documents/Edge_Runner/edge_runners/line_buffer.sv" into library xil_defaultlib
INFO: [VRFC 10-311] analyzing module line_buffer
INFO: [VRFC 10-2263] Analyzing SystemVerilog file "/home/deck/Documents/Edge_Runner/edge_runners/pixel_loader.sv" into library xil_defaultlib
INFO: [VRFC 10-311] analyzing module pixel_loader
INFO: [VRFC 10-2263] Analyzing SystemVerilog file "/home/deck/Documents/Edge_Runner/edge_runners/sqrt_22b.sv" into library xil_defaultlib
INFO: [VRFC 10-311] analyzing module sqrt_22b
INFO: [VRFC 10-2263] Analyzing SystemVerilog file "/home/deck/Documents/Edge_Runner/edge_runners/testBench/non_max_suppression_tb.sv" into library xil_defaultlib
INFO: [VRFC 10-311] analyzing module nms_tb
INFO: [VRFC 10-2263] Analyzing Verilog file "/home/deck/Documents/Edge_Runner/edge_runners/Vivado/Sims/nms_project.sim/sim_1/behav/xsim/glbl.v" into library xil_defaultlib
INFO: [VRFC 10-311] analyzing module glbl
Waiting for jobs to finish...
No pending jobs, compilation finished.
INFO: [USF-XSim-69] 'compile' step finished in '2' seconds
INFO: [USF-XSim-3] XSim::Elaborate design
INFO: [USF-XSim-61] Executing 'ELABORATE' step in '/home/deck/Documents/Edge_Runner/edge_runners/Vivado/Sims/nms_project.sim/sim_1/behav/xsim'
xelab --incr --debug typical --relax --mt 8 -L xil_defaultlib -L uvm -L unisims_ver -L unimacro_ver -L secureip --snapshot nms_tb_behav xil_defaultlib.nms_tb xil_defaultlib.glbl -log elaborate.log
Vivado Simulator v2024.2.0
Copyright 1986-2022 Xilinx, Inc. All Rights Reserved.
Copyright 2022-2024 Advanced Micro Devices, Inc. All Rights Reserved.
Running: /home/deck/xlinx/Vivado/2024.2/bin/unwrapped/lnx64.o/xelab --incr --debug typical --relax --mt 8 -L xil_defaultlib -L uvm -L unisims_ver -L unimacro_ver -L secureip --snapshot nms_tb_behav xil_defaultlib.nms_tb xil_defaultlib.glbl -log elaborate.log 
Using 8 slave threads.
Starting static elaboration
Pass Through NonSizing Optimizer
Completed static elaboration
Starting simulation data flow analysis
WARNING: [XSIM 43-4100] "/home/deck/Documents/Edge_Runner/edge_runners/testBench/non_max_suppression_tb.sv" Line 3. Module nms_tb has a timescale but at least one module in design doesn't have timescale.
WARNING: [XSIM 43-4100] "/home/deck/Documents/Edge_Runner/edge_runners/testBench/non_max_suppression_tb.sv" Line 3. Module nms_tb has a timescale but at least one module in design doesn't have timescale.
WARNING: [XSIM 43-4100] "/home/deck/Documents/Edge_Runner/edge_runners/Vivado/Sims/nms_project.sim/sim_1/behav/xsim/glbl.v" Line 6. Module glbl has a timescale but at least one module in design doesn't have timescale.
WARNING: [XSIM 43-4100] "/home/deck/Documents/Edge_Runner/edge_runners/Vivado/Sims/nms_project.sim/sim_1/behav/xsim/glbl.v" Line 6. Module glbl has a timescale but at least one module in design doesn't have timescale.
Completed simulation data flow analysis
Time Resolution for simulation is 1ps
Compiling package xil_defaultlib.definitions_pkg
Compiling module xil_defaultlib.line_buffer
Compiling module xil_defaultlib.pixel_loader
Compiling module xil_defaultlib.gaussian_filter
Compiling module xil_defaultlib.sqrt_22b
Compiling module xil_defaultlib.arc_tan
Compiling module xil_defaultlib.gradient_calculation
Compiling module xil_defaultlib.line_buffer(SIZE=11)
Compiling module xil_defaultlib.pixel_loader(ITEM_SIZE=11)
Compiling module xil_defaultlib.line_buffer(SIZE=2)
Compiling module xil_defaultlib.pixel_loader(ITEM_SIZE=2)
Compiling module xil_defaultlib.Non_Max_Suppresion
Compiling module xil_defaultlib.nms_tb
Compiling module xil_defaultlib.glbl
Built simulation snapshot nms_tb_behav
INFO: [USF-XSim-69] 'elaborate' step finished in '4' seconds
INFO: [USF-XSim-4] XSim::Simulate design
INFO: [USF-XSim-61] Executing 'SIMULATE' step in '/home/deck/Documents/Edge_Runner/edge_runners/Vivado/Sims/nms_project.sim/sim_1/behav/xsim'
INFO: [USF-XSim-98] *** Running xsim
   with args "nms_tb_behav -key {Behavioral:sim_1:Functional:nms_tb} -tclbatch {nms_tb.tcl} -log {simulate.log}"
INFO: [USF-XSim-8] Loading simulator feature
Time resolution is 1 ps
source nms_tb.tcl
## set curr_wave [current_wave_config]
## if { [string length $curr_wave] == 0 } {
##   if { [llength [get_objects]] > 0} {
##     add_wave /
##     set_property needs_save false [current_wave_config]
##   } else {
##      send_msg_id Add_Wave-1 WARNING "No top level signals found. Simulator will start without a wave window. If you want to open a wave window go to 'File->New Waveform Configuration' or type 'create_wave_config' in the TCL console."
##   }
## }
WARNING: [Wavedata 42-489] Can't add object "/nms_tb/image_mem" to the wave window because it has 2097152 bits, which exceeds the display limit of 65536 bits.  To change the display limit, use the command "set_property display_limit <new limit> [current_wave_config]".
## run 1000ns
WARNING: file testImages/images_binary/lena_gray.txt could not be opened
Error: ERROR: Could not open the text file.
Time: 0 ps  Iteration: 0  Process: /nms_tb/read_txt_file  Scope: nms_tb.read_txt_file  File: /home/deck/Documents/Edge_Runner/edge_runners/testBench/non_max_suppression_tb.sv Line: 105
$finish called at time : 0 fs : File "/home/deck/Documents/Edge_Runner/edge_runners/testBench/non_max_suppression_tb.sv" Line 106
INFO: [USF-XSim-96] XSim completed. Design snapshot 'nms_tb_behav' loaded.
INFO: [USF-XSim-97] XSim simulation ran for 1000ns
launch_simulation: Time (s): cpu = 00:00:09 ; elapsed = 00:00:11 . Memory (MB): peak = 1427.020 ; gain = 61.316 ; free physical = 2288 ; free virtual = 8843
# run 2000ns
ERROR: File descriptor (0) passed to $feof in file /home/deck/Documents/Edge_Runner/edge_runners/testBench/non_max_suppression_tb.sv at line 106 is not valid.
ERROR: File descriptor (0) passed to $fgetc in file /home/deck/Documents/Edge_Runner/edge_runners/testBench/non_max_suppression_tb.sv at line 106 is not valid.
File read complete. Total bytes read: 0
run: Time (s): cpu = 00:00:00.27 ; elapsed = 00:00:22 . Memory (MB): peak = 1427.020 ; gain = 0.000 ; free physical = 2842 ; free virtual = 8826
# set backup_folder "/home/deck/Documents/Edge_Runner/edge_runners/Backups_logs_journals"
# exec mkdir -p $backup_folder
# exec bash -c "find . -name \"*.backup.log\" | xargs -r mv -t $backup_folder"
mv: './Backups_logs_journals/vivado_57417.backup.log' and '/home/deck/Documents/Edge_Runner/edge_runners/Backups_logs_journals/vivado_57417.backup.log' are the same file
mv: './Backups_logs_journals/vivado_58037.backup.log' and '/home/deck/Documents/Edge_Runner/edge_runners/Backups_logs_journals/vivado_58037.backup.log' are the same file
mv: './Backups_logs_journals/vivado_60448.backup.log' and '/home/deck/Documents/Edge_Runner/edge_runners/Backups_logs_journals/vivado_60448.backup.log' are the same file
mv: './Backups_logs_journals/vivado_59789.backup.log' and '/home/deck/Documents/Edge_Runner/edge_runners/Backups_logs_journals/vivado_59789.backup.log' are the same file
mv: './Backups_logs_journals/vivado_60784.backup.log' and '/home/deck/Documents/Edge_Runner/edge_runners/Backups_logs_journals/vivado_60784.backup.log' are the same file
mv: './Backups_logs_journals/vivado_60941.backup.log' and '/home/deck/Documents/Edge_Runner/edge_runners/Backups_logs_journals/vivado_60941.backup.log' are the same file
mv: './Backups_logs_journals/vivado_58525.backup.log' and '/home/deck/Documents/Edge_Runner/edge_runners/Backups_logs_journals/vivado_58525.backup.log' are the same file
mv: './Backups_logs_journals/vivado_59155.backup.log' and '/home/deck/Documents/Edge_Runner/edge_runners/Backups_logs_journals/vivado_59155.backup.log' are the same file
mv: './Backups_logs_journals/vivado_60037.backup.log' and '/home/deck/Documents/Edge_Runner/edge_runners/Backups_logs_journals/vivado_60037.backup.log' are the same file
    while executing
"exec bash -c "find . -name \"*.backup.log\" | xargs -r mv -t $backup_folder""
    (file "simulation/create_vivado_project.tcl" line 41)
INFO: xsimkernel Simulation Memory Usage: 273128 KB (Peak: 317588 KB), Simulation CPU Usage: 23210 ms
INFO: [Common 17-206] Exiting Vivado at Tue Mar 18 19:40:37 2025...
