#-----------------------------------------------------------
# Vivado v2024.2 (64-bit)
# SW Build 5239630 on Fri Nov 08 22:34:34 MST 2024
# IP Build 5239520 on Sun Nov 10 16:12:51 MST 2024
# SharedData Build 5239561 on Fri Nov 08 14:39:27 MST 2024
# Start of session at: Tue Mar 18 19:47:19 2025
# Process ID         : 65948
# Current directory  : /home/deck/Documents/Edge_Runner/edge_runners
# Command line       : vivado -mode batch -source simulation/create_vivado_project.tcl -journal Vivado/Journals/vivado.jou -log Vivado/Logs/vivado.log
# Log file           : /home/deck/Documents/Edge_Runner/edge_runners/Vivado/Logs/vivado.log
# Journal file       : /home/deck/Documents/Edge_Runner/edge_runners/Vivado/Journals/vivado.jou
# Running On         : steamdeck
# Platform           : SteamOS
# Operating System   : SteamOS Holo
# Processor Detail   : AMD Custom APU 0405
# CPU Frequency      : 2129.541 MHz
# CPU Physical cores : 4
# CPU Logical cores  : 8
# Host memory        : 15531 MB
# Swap memory        : 8839 MB
# Total Virtual      : 24371 MB
# Available Virtual  : 9536 MB
#-----------------------------------------------------------
source simulation/create_vivado_project.tcl
# create_project -force nms_project Vivado/Sims -part xc7z020clg484-1
# add_files /home/deck/Documents/Edge_Runner/edge_runners/testBench/non_max_suppression_tb.sv
# add_files /home/deck/Documents/Edge_Runner/edge_runners/Non_Max_Suppresion.sv
# add_files /home/deck/Documents/Edge_Runner/edge_runners/pixel_loader.sv
# add_files /home/deck/Documents/Edge_Runner/edge_runners/gaussian_filter.sv
# add_files /home/deck/Documents/Edge_Runner/edge_runners/gradient_calculation.sv
# add_files /home/deck/Documents/Edge_Runner/edge_runners/definitions_pkg.sv
# add_files /home/deck/Documents/Edge_Runner/edge_runners/line_buffer.sv
# add_files /home/deck/Documents/Edge_Runner/edge_runners/sqrt_22b.sv
# add_files /home/deck/Documents/Edge_Runner/edge_runners/arc_tan.sv
# exec mkdir -p Vivado/Sims/nms_project.sim/sim_1/behav/xsim/
# exec cp -r testImages/images_binary Vivado/Sims/nms_project.sim/sim_1/behav/xsim/testImages/images_binary/
cp: cannot create directory 'Vivado/Sims/nms_project.sim/sim_1/behav/xsim/testImages/images_binary/': No such file or directory
    while executing
"exec cp -r testImages/images_binary Vivado/Sims/nms_project.sim/sim_1/behav/xsim/testImages/images_binary/"
    (file "simulation/create_vivado_project.tcl" line 21)
INFO: [Common 17-206] Exiting Vivado at Tue Mar 18 19:47:25 2025...
